#
# A fatal error has been detected by the Java Runtime Environment:
#
#  SIGSEGV (0xb) at pc=0x00007f0a0bab27d3, pid=17016, tid=139680999917312
#
# JRE version: 6.0_23-b23
# Java VM: OpenJDK 64-Bit Server VM (20.0-b11 mixed mode linux-amd64 compressed oops)
# Derivative: IcedTea6 1.11pre
# Distribution: Ubuntu 11.10, package 6b23~pre11-0ubuntu1.11.10.2
# Problematic frame:
# C  [libc.so.6+0x3b7d3]  __secure_getenv+0x63
#
# If you would like to submit a bug report, please include
# instructions how to reproduce the bug and visit:
#   https://bugs.launchpad.net/ubuntu/+source/openjdk-6/
# The crash happened outside the Java Virtual Machine in native code.
# See problematic frame for where to report the bug.
#

---------------  T H R E A D  ---------------

Current thread (0x00000000016eb000):  JavaThread "JDWP Transport Listener: dt_socket" daemon [_thread_in_native, id=17033, stack(0x00007f0a0451c000,0x00007f0a0461d000)]

siginfo:si_signo=SIGSEGV: si_errno=0, si_code=128 (), si_addr=0x0000000000000000

Registers:
RAX=0x00007f0a00000077, RBX=0x0000000000000001, RCX=0x0000000000000004, RDX=0x0010604a004cb190
RSP=0x00007f0a0461bb00, RBP=0x00007f0a0be115a8, RSI=0x0000000000000000, RDI=0x00007f09f5813cc0
R8 =0x000000000000000f, R9 =0x0000000000000000, R10=0x00007f0a0461b800, R11=0x00007f09f53f5502
R12=0x00007f0a004ca2a0, R13=0x0000000000000001, R14=0x0000000000000001, R15=0x000000000000000a
RIP=0x00007f0a0bab27d3, EFLAGS=0x0000000000010202, CSGSFS=0x0000000000000033, ERR=0x0000000000000000
  TRAPNO=0x000000000000000d

Top of Stack: (sp=0x00007f0a0461bb00)
0x00007f0a0461bb00:   0000000000000000 0000000000000001
0x00007f0a0461bb10:   00007f0a0461bb50 00007f0a09eafe80
0x00007f0a0461bb20:   00007f0a0461bc00 00007f0a0bab28a5
0x00007f0a0461bb30:   0000000000000024 00007f0a09c83957
0x00007f0a0461bb40:   00007f0a0461bb60 00007f0a0461bbb0
0x00007f0a0461bb50:   00007f0a0461bb80 00007f0a09c80edd
0x00007f0a0461bb60:   0000000000000001 000000000000000a
0x00007f0a0461bb70:   0000000000000000 0000000000000001
0x00007f0a0461bb80:   00007f0a0461bdc0 00007f0a09c86620
0x00007f0a0461bb90:   00000da20000000f 00007f0a000a0100
0x00007f0a0461bba0:   00007f0a003ea740 0000000000000000
0x00007f0a0461bbb0:   00007f0a003ea744 000000000000000b
0x00007f0a0461bbc0:   00000da20000000f 00007f0a000a0100
0x00007f0a0461bbd0:   00007f0a003ea740 0000000001dc9c20
0x00007f0a0461bbe0:   00000da20000000f 00007f0a000a0100
0x00007f0a0461bbf0:   00007f0a003ea740 00007f0a0c22d0e6
0x00007f0a0461bc00:   00007f0a0461bc50 000000000000012c
0x00007f0a0461bc10:   00007f0a0461bc18 0000000000000000
0x00007f0a0461bc20:   00007f0a0461bc50 0000000000000000
0x00007f0a0461bc30:   0000000100000000 00000da20000000b
0x00007f0a0461bc40:   0000000000000080 00007f0a0461bc50
0x00007f0a0461bc50:   6572685408000000 65755174312d6461
0x00007f0a0461bc60:   7f000022302d6575 000000405400000a
0x00007f0a0461bc70:   0000005e01000000 00000101001d0000
0x00007f0a0461bc80:   0000250000000000 0000705600000a7f
0x00007f0a0461bc90:   00002a0000000000 000102001d000000
0x00007f0a0461bca0:   0025000000000000 00a0efdb01000000
0x00007f0a0461bcb0:   003b010000000000 0103001d00000000
0x00007f0a0461bcc0:   2500000000000000 a8efdb0100000000
0x00007f0a0461bcd0:   3b00000000000000 04001d0000000000
0x00007f0a0461bce0:   0000000000000001 efdb010000000026
0x00007f0a0461bcf0:   00000000000000b0 001d00000000005a 

Instructions: (pc=0x00007f0a0bab27d3)
0x00007f0a0bab27b3:   24 08 48 85 c0 0f 84 8a 00 00 00 48 83 e8 01 48
0x00007f0a0bab27c3:   89 c2 49 89 44 24 08 48 c1 e2 05 49 8d 54 14 10
0x00007f0a0bab27d3:   48 8b 0a 48 83 f9 03 74 4c 48 83 f9 04 74 26 48
0x00007f0a0bab27e3:   83 f9 02 75 cd 48 8b 42 08 48 8b 72 10 89 df 48 

Register to memory mapping:

RAX=0x00007f0a00000077 is an unknown value
RBX=0x0000000000000001 is an unknown value
RCX=0x0000000000000004 is an unknown value
RDX=0x0010604a004cb190 is an unknown value
RSP=0x00007f0a0461bb00 is pointing into the stack for thread: 0x00000000016eb000
RBP=0x00007f0a0be115a8: <offset 0x39a5a8> in /lib/x86_64-linux-gnu/libc.so.6 at 0x00007f0a0ba77000
RSI=0x0000000000000000 is an unknown value
RDI=0x00007f09f5813cc0: <offset 0x5d7cc0> in /usr/local/lib/libsbmlj.so at 0x00007f09f523c000
R8 =0x000000000000000f is an unknown value
R9 =0x0000000000000000 is an unknown value
R10=0x00007f0a0461b800 is pointing into the stack for thread: 0x00000000016eb000
R11=0x00007f09f53f5502: _ZN9__gnu_cxx13new_allocatorISt13_Rb_tree_nodeISt4pairIKiiEEED1Ev+0 in /usr/local/lib/libsbmlj.so at 0x00007f09f523c000
R12=0x00007f0a004ca2a0 is an unknown value
R13=0x0000000000000001 is an unknown value
R14=0x0000000000000001 is an unknown value
R15=0x000000000000000a is an unknown value


Stack: [0x00007f0a0451c000,0x00007f0a0461d000],  sp=0x00007f0a0461bb00,  free space=1022k
Native frames: (J=compiled Java code, j=interpreted, Vv=VM code, C=native code)
C  [libc.so.6+0x3b7d3]  __secure_getenv+0x63


---------------  P R O C E S S  ---------------

Java Threads: ( => current thread )
  0x0000000001ead800 JavaThread "SIGTERM handler" daemon [_thread_blocked, id=17585, stack(0x00007f0a0431a000,0x00007f0a0441b000)]
  0x00007f0a00dd5800 JavaThread "Thread-1" daemon [_thread_blocked, id=17074, stack(0x00007f09f4b79000,0x00007f09f4c7a000)]
  0x00007f0a004d3800 JavaThread "AWT-EventQueue-0" [_thread_blocked, id=17069, stack(0x00007f09f4de0000,0x00007f09f4ee1000)]
  0x00007f0a004ca800 JavaThread "AWT-Shutdown" [_thread_blocked, id=17068, stack(0x00007f09fe00b000,0x00007f09fe10c000)]
  0x0000000001a1b800 JavaThread "AWT-XAWT" daemon [_thread_blocked, id=17046, stack(0x00007f09fe10c000,0x00007f09fe20d000)]
  0x000000000184e800 JavaThread "Java2D Disposer" daemon [_thread_blocked, id=17045, stack(0x00007f09fe23f000,0x00007f09fe340000)]
  0x00007f0a00006800 JavaThread "Low Memory Detector" daemon [_thread_blocked, id=17041, stack(0x00007f0a04017000,0x00007f0a04118000)]
  0x00000000016fe800 JavaThread "C2 CompilerThread1" daemon [_thread_blocked, id=17040, stack(0x00007f0a04118000,0x00007f0a04219000)]
  0x00000000016fb800 JavaThread "C2 CompilerThread0" daemon [_thread_blocked, id=17039, stack(0x00007f0a04219000,0x00007f0a0431a000)]
  0x00000000016ee800 JavaThread "JDWP Event Helper Thread" daemon [_thread_blocked, id=17035, stack(0x00007f0a0441b000,0x00007f0a0451c000)]
=>0x00000000016eb000 JavaThread "JDWP Transport Listener: dt_socket" daemon [_thread_in_native, id=17033, stack(0x00007f0a0451c000,0x00007f0a0461d000)]
  0x00000000016d2800 JavaThread "Signal Dispatcher" daemon [_thread_blocked, id=17031, stack(0x00007f0a04822000,0x00007f0a04923000)]
  0x00000000016c1000 JavaThread "Finalizer" daemon [_thread_blocked, id=17030, stack(0x00007f0a04923000,0x00007f0a04a24000)]
  0x00000000016b9800 JavaThread "Reference Handler" daemon [_thread_blocked, id=17029, stack(0x00007f0a04a24000,0x00007f0a04b25000)]
  0x000000000164b000 JavaThread "main" [_thread_blocked, id=17023, stack(0x00007f0a0c52b000,0x00007f0a0c62c000)]

Other Threads:
  0x00000000016b2800 VMThread [stack: 0x00007f0a04b25000,0x00007f0a04c26000] [id=17028]

VM state:at safepoint (shutting down)

VM Mutex/Monitor currently owned by a thread:  ([mutex/lock_event])
[0x00000000016479b0] Threads_lock - owner thread: 0x00000000016b2800

Heap
 PSYoungGen      total 18112K, used 14263K [0x00000000f0000000, 0x00000000f1430000, 0x0000000100000000)
  eden space 15552K, 75% used [0x00000000f0000000,0x00000000f0b73650,0x00000000f0f30000)
  from space 2560K, 99% used [0x00000000f0f30000,0x00000000f11aa5c0,0x00000000f11b0000)
  to   space 2560K, 0% used [0x00000000f11b0000,0x00000000f11b0000,0x00000000f1430000)
 PSOldGen        total 41344K, used 4884K [0x00000000d0000000, 0x00000000d2860000, 0x00000000f0000000)
  object space 41344K, 11% used [0x00000000d0000000,0x00000000d04c5340,0x00000000d2860000)
 PSPermGen       total 21248K, used 14438K [0x00000000c5a00000, 0x00000000c6ec0000, 0x00000000d0000000)
  object space 21248K, 67% used [0x00000000c5a00000,0x00000000c6819870,0x00000000c6ec0000)

Code Cache  [0x00007f0a05a41000, 0x00007f0a05cb1000, 0x00007f0a08a41000)
 total_blobs=692 nmethods=252 adapters=401 free_code_cache=49247232 largest_free_block=28608

Dynamic libraries:
00400000-00409000 r-xp 00000000 08:07 9050763                            /usr/lib/jvm/java-6-openjdk/jre/bin/java
00608000-00609000 r--p 00008000 08:07 9050763                            /usr/lib/jvm/java-6-openjdk/jre/bin/java
00609000-0060a000 rw-p 00009000 08:07 9050763                            /usr/lib/jvm/java-6-openjdk/jre/bin/java
0163c000-0237b000 rw-p 00000000 00:00 0                                  [heap]
c5a00000-c6ec0000 rw-p 00000000 00:00 0 
c6ec0000-d0000000 rw-p 00000000 00:00 0 
d0000000-d2860000 rw-p 00000000 00:00 0 
d2860000-f0000000 rw-p 00000000 00:00 0 
f0000000-f1430000 rw-p 00000000 00:00 0 
f1430000-100000000 rw-p 00000000 00:00 0 
7f09f4a78000-7f09f4a7b000 ---p 00000000 00:00 0 
7f09f4a7b000-7f09f4b79000 rw-p 00000000 00:00 0 
7f09f4b79000-7f09f4b7c000 ---p 00000000 00:00 0 
7f09f4b7c000-7f09f4c7a000 rw-p 00000000 00:00 0 
7f09f4c7a000-7f09f4ca9000 r--s 002d5000 08:05 21224                      /media/DATA/_guillermo/desarrollo/PFC/_jar/jsbml-0.8-b2-with-dependencies.jar
7f09f4ca9000-7f09f4cd5000 r--s 00269000 08:05 9705                       /media/DATA/_guillermo/desarrollo/PFC/_jar/y.jar
7f09f4cd5000-7f09f4ce7000 r--s 0019c000 08:05 9215                       /media/DATA/_guillermo/desarrollo/java/_jar/xalan/xalan.jar
7f09f4ce7000-7f09f4cea000 r--s 00041000 08:05 9217                       /media/DATA/_guillermo/desarrollo/java/_jar/xalan/serializer.jar
7f09f4cea000-7f09f4cf2000 r--s 00028000 08:05 9212                       /media/DATA/_guillermo/desarrollo/java/_jar/xalan/xml-apis.jar
7f09f4cf2000-7f09f4d09000 r--s 00114000 08:05 9213                       /media/DATA/_guillermo/desarrollo/java/_jar/xalan/xercesImpl.jar
7f09f4d09000-7f09f4d10000 r--s 0009f000 08:05 9706                       /media/DATA/_guillermo/desarrollo/PFC/_jar/mysql-connector-java-5.1.5-bin.jar
7f09f4d10000-7f09f4d19000 r--s 000cc000 08:05 18540                      /media/DATA/_guillermo/desarrollo/PFC/rhino1_7R2/js.jar
7f09f4d19000-7f09f4d25000 r--s 00259000 08:05 9723                       /media/DATA/_guillermo/desarrollo/PFC/_jar/commons-io-2.0.1-bin.zip
7f09f4d25000-7f09f4d27000 r--s 0000d000 08:05 14720                      /media/DATA/_guillermo/desarrollo/PFC/_jar/commons-fileupload-1.2.2/lib/commons-fileupload-1.2.2.jar
7f09f4d27000-7f09f4d28000 r--s 00001000 08:05 10775                      /media/DATA/_guillermo/desarrollo/PFC/_jar/batik-1.7/batik-ttf2svg.jar
7f09f4d28000-7f09f4d2a000 r--s 00003000 08:05 10776                      /media/DATA/_guillermo/desarrollo/PFC/_jar/batik-1.7/batik-svgpp.jar
7f09f4d2a000-7f09f4d2c000 r--s 00002000 08:05 10782                      /media/DATA/_guillermo/desarrollo/PFC/_jar/batik-1.7/batik-slideshow.jar
7f09f4d2c000-7f09f4dbb000 r--s 010ff000 08:05 10781                      /media/DATA/_guillermo/desarrollo/PFC/_jar/batik-1.7/batik-docs-1.7.zip
7f09f4dbb000-7f09f4dbc000 r--s 00001000 08:05 10779                      /media/DATA/_guillermo/desarrollo/PFC/_jar/batik-1.7/batik.jar
7f09f4dbc000-7f09f4dbe000 r--s 0000a000 08:05 10777                      /media/DATA/_guillermo/desarrollo/PFC/_jar/batik-1.7/batik-rasterizer.jar
7f09f4dbe000-7f09f4dc6000 r--s 0007d000 08:05 14681                      /media/DATA/_guillermo/desarrollo/PFC/_jar/batik-1.7/lib/pdf-transcoder.jar
7f09f4dc6000-7f09f4dcc000 r--s 00052000 08:05 10784                      /media/DATA/_guillermo/desarrollo/PFC/_jar/batik-1.7/batik-squiggle.jar
7f09f4dcc000-7f09f4de0000 r--s 001a0000 08:05 14664                      /media/DATA/_guillermo/desarrollo/PFC/_jar/batik-1.7/lib/xalan-2.6.0.jar
7f09f4de0000-7f09f4de3000 ---p 00000000 00:00 0 
7f09f4de3000-7f09f4ee1000 rw-p 00000000 00:00 0 
7f09f4ee1000-7f09f5032000 r-xp 00000000 08:07 7734837                    /usr/lib/libxml2.so.2.7.8
7f09f5032000-7f09f5231000 ---p 00151000 08:07 7734837                    /usr/lib/libxml2.so.2.7.8
7f09f5231000-7f09f5239000 r--p 00150000 08:07 7734837                    /usr/lib/libxml2.so.2.7.8
7f09f5239000-7f09f523b000 rw-p 00158000 08:07 7734837                    /usr/lib/libxml2.so.2.7.8
7f09f523b000-7f09f523c000 rw-p 00000000 00:00 0 
7f09f523c000-7f09f55ed000 r-xp 00000000 08:07 8924410                    /usr/local/lib/libsbmlj.so
7f09f55ed000-7f09f57ed000 ---p 003b1000 08:07 8924410                    /usr/local/lib/libsbmlj.so
7f09f57ed000-7f09f5807000 r--p 003b1000 08:07 8924410                    /usr/local/lib/libsbmlj.so
7f09f5807000-7f09f5814000 rw-p 003cb000 08:07 8924410                    /usr/local/lib/libsbmlj.so
7f09f5814000-7f09f5817000 rw-p 00000000 00:00 0 
7f09f5817000-7f09f5818000 ---p 00000000 00:00 0 
7f09f5818000-7f09f6018000 rw-p 00000000 00:00 0 
7f09f6018000-7f09f6019000 ---p 00000000 00:00 0 
7f09f6019000-7f09f6819000 rw-p 00000000 00:00 0 
7f09f6819000-7f09f6830000 r-xp 00000000 08:07 7734931                    /usr/lib/libdbusmenu-glib.so.4.0.5
7f09f6830000-7f09f6a30000 ---p 00017000 08:07 7734931                    /usr/lib/libdbusmenu-glib.so.4.0.5
7f09f6a30000-7f09f6a31000 r--p 00017000 08:07 7734931                    /usr/lib/libdbusmenu-glib.so.4.0.5
7f09f6a31000-7f09f6a32000 rw-p 00018000 08:07 7734931                    /usr/lib/libdbusmenu-glib.so.4.0.5
7f09f6a32000-7f09f6a43000 r-xp 00000000 08:07 7734933                    /usr/lib/libdbusmenu-gtk.so.4.0.5
7f09f6a43000-7f09f6c42000 ---p 00011000 08:07 7734933                    /usr/lib/libdbusmenu-gtk.so.4.0.5
7f09f6c42000-7f09f6c43000 r--p 00010000 08:07 7734933                    /usr/lib/libdbusmenu-gtk.so.4.0.5
7f09f6c43000-7f09f6c44000 rw-p 00011000 08:07 7734933                    /usr/lib/libdbusmenu-gtk.so.4.0.5
7f09f6c44000-7f09f6c49000 r-xp 00000000 08:07 7736466                    /usr/lib/gtk-2.0/2.10.0/menuproxies/libappmenu.so
7f09f6c49000-7f09f6e48000 ---p 00005000 08:07 7736466                    /usr/lib/gtk-2.0/2.10.0/menuproxies/libappmenu.so
7f09f6e48000-7f09f6e49000 r--p 00004000 08:07 7736466                    /usr/lib/gtk-2.0/2.10.0/menuproxies/libappmenu.so
7f09f6e49000-7f09f6e4a000 rw-p 00005000 08:07 7736466                    /usr/lib/gtk-2.0/2.10.0/menuproxies/libappmenu.so
7f09f6e4a000-7f09f6e57000 r-xp 00000000 08:07 2625790                    /lib/x86_64-linux-gnu/libudev.so.0.12.0
7f09f6e57000-7f09f7056000 ---p 0000d000 08:07 2625790                    /lib/x86_64-linux-gnu/libudev.so.0.12.0
7f09f7056000-7f09f7057000 r--p 0000c000 08:07 2625790                    /lib/x86_64-linux-gnu/libudev.so.0.12.0
7f09f7057000-7f09f7058000 rw-p 0000d000 08:07 2625790                    /lib/x86_64-linux-gnu/libudev.so.0.12.0
7f09f7058000-7f09f706e000 r-xp 00000000 08:07 7872190                    /usr/lib/gvfs/libgvfscommon.so
7f09f706e000-7f09f726d000 ---p 00016000 08:07 7872190                    /usr/lib/gvfs/libgvfscommon.so
7f09f726d000-7f09f726e000 r--p 00015000 08:07 7872190                    /usr/lib/gvfs/libgvfscommon.so
7f09f726e000-7f09f726f000 rw-p 00016000 08:07 7872190                    /usr/lib/gvfs/libgvfscommon.so
7f09f726f000-7f09f7298000 r-xp 00000000 08:07 7742702                    /usr/lib/gio/modules/libgvfsdbus.so
7f09f7298000-7f09f7498000 ---p 00029000 08:07 7742702                    /usr/lib/gio/modules/libgvfsdbus.so
7f09f7498000-7f09f7499000 r--p 00029000 08:07 7742702                    /usr/lib/gio/modules/libgvfsdbus.so
7f09f7499000-7f09f749a000 rw-p 0002a000 08:07 7742702                    /usr/lib/gio/modules/libgvfsdbus.so
7f09f749a000-7f09f749b000 rw-p 00000000 00:00 0 
7f09f749b000-7f09f74db000 r-xp 00000000 08:07 7745487                    /usr/lib/libibus-1.0.so.0.0.0
7f09f74db000-7f09f76db000 ---p 00040000 08:07 7745487                    /usr/lib/libibus-1.0.so.0.0.0
7f09f76db000-7f09f76dc000 r--p 00040000 08:07 7745487                    /usr/lib/libibus-1.0.so.0.0.0
7f09f76dc000-7f09f76dd000 rw-p 00041000 08:07 7745487                    /usr/lib/libibus-1.0.so.0.0.0
7f09f76dd000-7f09f76de000 rw-p 00000000 00:00 0 
7f09f76de000-7f09f76e4000 r-xp 00000000 08:07 7889931                    /usr/lib/x86_64-linux-gnu/gtk-2.0/2.10.0/immodules/im-ibus.so
7f09f76e4000-7f09f78e3000 ---p 00006000 08:07 7889931                    /usr/lib/x86_64-linux-gnu/gtk-2.0/2.10.0/immodules/im-ibus.so
7f09f78e3000-7f09f78e4000 r--p 00005000 08:07 7889931                    /usr/lib/x86_64-linux-gnu/gtk-2.0/2.10.0/immodules/im-ibus.so
7f09f78e4000-7f09f78e5000 rw-p 00006000 08:07 7889931                    /usr/lib/x86_64-linux-gnu/gtk-2.0/2.10.0/immodules/im-ibus.so
7f09f78e5000-7f09f7937000 r--p 00000000 08:07 8651573                    /usr/share/fonts/truetype/ttf-dejavu/DejaVuSansMono.ttf
7f09f7937000-7f09f798e000 r--p 00000000 08:07 8651620                    /usr/share/fonts/truetype/ubuntu-font-family/Ubuntu-R.ttf
7f09f798e000-7f09f7990000 r-xp 00000000 08:07 7868083                    /usr/lib/x86_64-linux-gnu/pango/1.6.0/modules/pango-basic-fc.so
7f09f7990000-7f09f7b8f000 ---p 00002000 08:07 7868083                    /usr/lib/x86_64-linux-gnu/pango/1.6.0/modules/pango-basic-fc.so
7f09f7b8f000-7f09f7b90000 r--p 00001000 08:07 7868083                    /usr/lib/x86_64-linux-gnu/pango/1.6.0/modules/pango-basic-fc.so
7f09f7b90000-7f09f7b91000 rw-p 00002000 08:07 7868083                    /usr/lib/x86_64-linux-gnu/pango/1.6.0/modules/pango-basic-fc.so
7f09f7b91000-7f09f7c17000 rw-p 00000000 00:00 0 
7f09f7c17000-7f09f7c1f000 r-xp 00000000 08:07 8913619                    /usr/lib/jvm/java-6-openjdk/jre/lib/amd64/libnio.so
7f09f7c1f000-7f09f7e1e000 ---p 00008000 08:07 8913619                    /usr/lib/jvm/java-6-openjdk/jre/lib/amd64/libnio.so
7f09f7e1e000-7f09f7e1f000 r--p 00007000 08:07 8913619                    /usr/lib/jvm/java-6-openjdk/jre/lib/amd64/libnio.so
7f09f7e1f000-7f09f7e20000 rw-p 00008000 08:07 8913619                    /usr/lib/jvm/java-6-openjdk/jre/lib/amd64/libnio.so
7f09f7e20000-7f09f7e35000 r-xp 00000000 08:07 8913625                    /usr/lib/jvm/java-6-openjdk/jre/lib/amd64/libnet.so
7f09f7e35000-7f09f8034000 ---p 00015000 08:07 8913625                    /usr/lib/jvm/java-6-openjdk/jre/lib/amd64/libnet.so
7f09f8034000-7f09f8035000 r--p 00014000 08:07 8913625                    /usr/lib/jvm/java-6-openjdk/jre/lib/amd64/libnet.so
7f09f8035000-7f09f8036000 rw-p 00015000 08:07 8913625                    /usr/lib/jvm/java-6-openjdk/jre/lib/amd64/libnet.so
7f09f8036000-7f09f8078000 r-xp 00000000 08:07 2625193                    /lib/x86_64-linux-gnu/libdbus-1.so.3.5.7
7f09f8078000-7f09f8277000 ---p 00042000 08:07 2625193                    /lib/x86_64-linux-gnu/libdbus-1.so.3.5.7
7f09f8277000-7f09f8278000 r--p 00041000 08:07 2625193                    /lib/x86_64-linux-gnu/libdbus-1.so.3.5.7
7f09f8278000-7f09f8279000 rw-p 00042000 08:07 2625193                    /lib/x86_64-linux-gnu/libdbus-1.so.3.5.7
7f09f8279000-7f09f829d000 r-xp 00000000 08:07 7741299                    /usr/lib/x86_64-linux-gnu/libdbus-glib-1.so.2.2.0
7f09f829d000-7f09f849d000 ---p 00024000 08:07 7741299                    /usr/lib/x86_64-linux-gnu/libdbus-glib-1.so.2.2.0
7f09f849d000-7f09f849e000 r--p 00024000 08:07 7741299                    /usr/lib/x86_64-linux-gnu/libdbus-glib-1.so.2.2.0
7f09f849e000-7f09f849f000 rw-p 00025000 08:07 7741299                    /usr/lib/x86_64-linux-gnu/libdbus-glib-1.so.2.2.0
7f09f849f000-7f09f85e5000 r-xp 00000000 08:07 7867726                    /usr/lib/x86_64-linux-gnu/gtk-2.0/2.10.0/engines/liboxygen-gtk.so
7f09f85e5000-7f09f87e4000 ---p 00146000 08:07 7867726                    /usr/lib/x86_64-linux-gnu/gtk-2.0/2.10.0/engines/liboxygen-gtk.so
7f09f87e4000-7f09f87ea000 r--p 00145000 08:07 7867726                    /usr/lib/x86_64-linux-gnu/gtk-2.0/2.10.0/engines/liboxygen-gtk.so
7f09f87ea000-7f09f87ed000 rw-p 0014b000 08:07 7867726                    /usr/lib/x86_64-linux-gnu/gtk-2.0/2.10.0/engines/liboxygen-gtk.so
7f09f87ed000-7f09f87ee000 rw-p 00000000 00:00 0 
7f09f87ee000-7f09f87f4000 r-xp 00000000 08:07 7741391                    /usr/lib/x86_64-linux-gnu/libogg.so.0.7.1
7f09f87f4000-7f09f89f3000 ---p 00006000 08:07 7741391                    /usr/lib/x86_64-linux-gnu/libogg.so.0.7.1
7f09f89f3000-7f09f89f4000 r--p 00005000 08:07 7741391                    /usr/lib/x86_64-linux-gnu/libogg.so.0.7.1
7f09f89f4000-7f09f89f5000 rw-p 00006000 08:07 7741391                    /usr/lib/x86_64-linux-gnu/libogg.so.0.7.1
7f09f89f5000-7f09f8a20000 r-xp 00000000 08:07 7741463                    /usr/lib/x86_64-linux-gnu/libvorbis.so.0.4.5
7f09f8a20000-7f09f8c1f000 ---p 0002b000 08:07 7741463                    /usr/lib/x86_64-linux-gnu/libvorbis.so.0.4.5
7f09f8c1f000-7f09f8c20000 r--p 0002a000 08:07 7741463                    /usr/lib/x86_64-linux-gnu/libvorbis.so.0.4.5
7f09f8c20000-7f09f8c21000 rw-p 0002b000 08:07 7741463                    /usr/lib/x86_64-linux-gnu/libvorbis.so.0.4.5
7f09f8c21000-7f09f8c29000 r-xp 00000000 08:07 7735353                    /usr/lib/libltdl.so.7.3.0
7f09f8c29000-7f09f8e29000 ---p 00008000 08:07 7735353                    /usr/lib/libltdl.so.7.3.0
7f09f8e29000-7f09f8e2a000 r--p 00008000 08:07 7735353                    /usr/lib/libltdl.so.7.3.0
7f09f8e2a000-7f09f8e2b000 rw-p 00009000 08:07 7735353                    /usr/lib/libltdl.so.7.3.0
7f09f8e2b000-7f09f8e3b000 r-xp 00000000 08:07 7741452                    /usr/lib/x86_64-linux-gnu/libtdb.so.1.2.9
7f09f8e3b000-7f09f903a000 ---p 00010000 08:07 7741452                    /usr/lib/x86_64-linux-gnu/libtdb.so.1.2.9
7f09f903a000-7f09f903b000 r--p 0000f000 08:07 7741452                    /usr/lib/x86_64-linux-gnu/libtdb.so.1.2.9
7f09f903b000-7f09f903c000 rw-p 00010000 08:07 7741452                    /usr/lib/x86_64-linux-gnu/libtdb.so.1.2.9
7f09f903c000-7f09f9043000 r-xp 00000000 08:07 7736674                    /usr/lib/x86_64-linux-gnu/libvorbisfile.so.3.3.4
7f09f9043000-7f09f9242000 ---p 00007000 08:07 7736674                    /usr/lib/x86_64-linux-gnu/libvorbisfile.so.3.3.4
7f09f9242000-7f09f9243000 r--p 00006000 08:07 7736674                    /usr/lib/x86_64-linux-gnu/libvorbisfile.so.3.3.4
7f09f9243000-7f09f9244000 rw-p 00007000 08:07 7736674                    /usr/lib/x86_64-linux-gnu/libvorbisfile.so.3.3.4
7f09f9244000-7f09f9253000 r-xp 00000000 08:07 7733307                    /usr/lib/libcanberra.so.0.2.5
7f09f9253000-7f09f9452000 ---p 0000f000 08:07 7733307                    /usr/lib/libcanberra.so.0.2.5
7f09f9452000-7f09f9453000 r--p 0000e000 08:07 7733307                    /usr/lib/libcanberra.so.0.2.5
7f09f9453000-7f09f9454000 rw-p 0000f000 08:07 7733307                    /usr/lib/libcanberra.so.0.2.5
7f09f9454000-7f09f9458000 r-xp 00000000 08:07 7751583                    /usr/lib/libcanberra-gtk.so.0.1.8
7f09f9458000-7f09f9657000 ---p 00004000 08:07 7751583                    /usr/lib/libcanberra-gtk.so.0.1.8
7f09f9657000-7f09f9658000 r--p 00003000 08:07 7751583                    /usr/lib/libcanberra-gtk.so.0.1.8
7f09f9658000-7f09f9659000 rw-p 00004000 08:07 7751583                    /usr/lib/libcanberra-gtk.so.0.1.8
7f09f9659000-7f09f965e000 r-xp 00000000 08:07 9703117                    /usr/lib/gtk-2.0/modules/libcanberra-gtk-module.so
7f09f965e000-7f09f985d000 ---p 00005000 08:07 9703117                    /usr/lib/gtk-2.0/modules/libcanberra-gtk-module.so
7f09f985d000-7f09f985e000 r--p 00004000 08:07 9703117                    /usr/lib/gtk-2.0/modules/libcanberra-gtk-module.so
7f09f985e000-7f09f985f000 rw-p 00005000 08:07 9703117                    /usr/lib/gtk-2.0/modules/libcanberra-gtk-module.so
7f09f985f000-7f09f989a000 r-xp 00000000 08:07 2625240                    /lib/x86_64-linux-gnu/libpcre.so.3.12.1
7f09f989a000-7f09f9a99000 ---p 0003b000 08:07 2625240                    /lib/x86_64-linux-gnu/libpcre.so.3.12.1
7f09f9a99000-7f09f9a9a000 r--p 0003a000 08:07 2625240                    /lib/x86_64-linux-gnu/libpcre.so.3.12.1
7f09f9a9a000-7f09f9a9b000 rw-p 0003b000 08:07 2625240                    /lib/x86_64-linux-gnu/libpcre.so.3.12.1
7f09f9a9b000-7f09f9aa2000 r-xp 00000000 08:07 7741313                    /usr/lib/x86_64-linux-gnu/libffi.so.6.0.0
7f09f9aa2000-7f09f9ca1000 ---p 00007000 08:07 7741313                    /usr/lib/x86_64-linux-gnu/libffi.so.6.0.0
7f09f9ca1000-7f09f9ca2000 r--p 00006000 08:07 7741313                    /usr/lib/x86_64-linux-gnu/libffi.so.6.0.0
7f09f9ca2000-7f09f9ca3000 rw-p 00007000 08:07 7741313                    /usr/lib/x86_64-linux-gnu/libffi.so.6.0.0
7f09f9ca3000-7f09f9ca7000 r-xp 00000000 08:07 7741345                    /usr/lib/x86_64-linux-gnu/libgthread-2.0.so.0.3000.0
7f09f9ca7000-7f09f9ea6000 ---p 00004000 08:07 7741345                    /usr/lib/x86_64-linux-gnu/libgthread-2.0.so.0.3000.0
7f09f9ea6000-7f09f9ea7000 r--p 00003000 08:07 7741345                    /usr/lib/x86_64-linux-gnu/libgthread-2.0.so.0.3000.0
7f09f9ea7000-7f09f9ea8000 rw-p 00004000 08:07 7741345                    /usr/lib/x86_64-linux-gnu/libgthread-2.0.so.0.3000.0
7f09f9ea8000-7f09f9ecf000 r-xp 00000000 08:07 2625199                    /lib/x86_64-linux-gnu/libexpat.so.1.5.2
7f09f9ecf000-7f09fa0cf000 ---p 00027000 08:07 2625199                    /lib/x86_64-linux-gnu/libexpat.so.1.5.2
7f09fa0cf000-7f09fa0d1000 r--p 00027000 08:07 2625199                    /lib/x86_64-linux-gnu/libexpat.so.1.5.2
7f09fa0d1000-7f09fa0d2000 rw-p 00029000 08:07 2625199                    /lib/x86_64-linux-gnu/libexpat.so.1.5.2
7f09fa0d2000-7