#
# A fatal error has been detected by the Java Runtime Environment:
#
#  SIGSEGV (0xb) at pc=0x00007f7b0ca1b7ac, pid=7431, tid=140166463309568
#
# JRE version: 6.0_23-b23
# Java VM: OpenJDK 64-Bit Server VM (20.0-b11 mixed mode linux-amd64 compressed oops)
# Derivative: IcedTea6 1.11pre
# Distribution: Ubuntu 11.10, package 6b23~pre11-0ubuntu1.11.10.1
# Problematic frame:
# C  [libsbmlj.so+0x2ab7ac]  SBase::getAnnotation()+0x10
#
# If you would like to submit a bug report, please include
# instructions how to reproduce the bug and visit:
#   https://bugs.launchpad.net/ubuntu/+source/openjdk-6/
# The crash happened outside the Java Virtual Machine in native code.
# See problematic frame for where to report the bug.
#

---------------  T H R E A D  ---------------

Current thread (0x00007f7b14503800):  JavaThread "AWT-EventQueue-0" [_thread_in_native, id=7483, stack(0x00007f7b0c314000,0x00007f7b0c415000)]

siginfo:si_signo=SIGSEGV: si_errno=0, si_code=1 (SEGV_MAPERR), si_addr=0x0000000000000000

Registers:
RAX=0x0000000000000000, RBX=0x00000000c63e5408, RCX=0x00007f7b0c412320, RDX=0x0000000000000000
RSP=0x00007f7b0c412230, RBP=0x00007f7b0c412240, RSI=0x00007f7b0c412310, RDI=0x0000000000000000
R8 =0x00007f7b1c4c8700, R9 =0x00007f7b0c412558, R10=0x00007f7b1c4cab22, R11=0x00007f7b21aa8360
R12=0x0000000000000000, R13=0x00000000c63e5408, R14=0x00007f7b0c412330, R15=0x00007f7b14503800
RIP=0x00007f7b0ca1b7ac, EFLAGS=0x0000000000010206, CSGSFS=0x0000000000000033, ERR=0x0000000000000004
  TRAPNO=0x000000000000000e

Top of Stack: (sp=0x00007f7b0c412230)
0x00007f7b0c412230:   0000000000000000 0000000000000000
0x00007f7b0c412240:   00007f7b0c412290 00007f7b0c8ecee8
0x00007f7b0c412250:   00007f7b0c412320 0000000000000000
0x00007f7b0c412260:   00007f7b0c412310 00007f7b145039d0
0x00007f7b0c412270:   00007f7b14503800 0000000000000000
0x00007f7b0c412280:   0000000000000000 0000000000000000
0x00007f7b0c412290:   00007f7b0c412300 00007f7b1c4cab4f
0x00007f7b0c4122a0:   00007f7b21f79701 0000000000003690
0x00007f7b0c4122b0:   00000000011181f0 0000000001118160
0x00007f7b0c4122c0:   00007f7b0c4122c0 0000000000000000
0x00007f7b0c4122d0:   00007f7b0c412330 00000000c6439388
0x00007f7b0c4122e0:   0000000000000000 00000000c63e5408
0x00007f7b0c4122f0:   0000000000000000 00007f7b0c412320
0x00007f7b0c412300:   00007f7b0c412378 00007f7b1c4b99a9
0x00007f7b0c412310:   00000000c6439320 00007f7b1c4c6297
0x00007f7b0c412320:   00000000f0a05b40 0000000000000000
0x00007f7b0c412330:   00007f7b21f8ffe0 00007f7b0c412338
0x00007f7b0c412340:   00000000c634a685 00007f7b0c412398
0x00007f7b0c412350:   00000000c64836a0 0000000000000000
0x00007f7b0c412360:   00000000c634a6a8 00007f7b0c412320
0x00007f7b0c412370:   00007f7b0c412398 00007f7b0c412400
0x00007f7b0c412380:   00007f7b1c4b4438 0000000000000000
0x00007f7b0c412390:   0000000000000000 00000000f0a05b40
0x00007f7b0c4123a0:   00007f7b00001fa0 00007f7b1c4b43af
0x00007f7b0c4123b0:   00007f7b0c412550 00007f7b0c4126b0
0x00007f7b0c4123c0:   00007f7b14503800 00000000010b0b00
0x00007f7b0c4123d0:   00007f7b0c412440 00007f7b0c4126b8
0x00007f7b0c4123e0:   00007f7b0000000c 00000000c634a6a8
0x00007f7b0c4123f0:   00007f7b1c4c8700 00007f7b0c412558
0x00007f7b0c412400:   00007f7b0c4124e0 00007f7b21897a5f
0x00007f7b0c412410:   0000000000000001 00007f7b14503800
0x00007f7b0c412420:   00007f7b0c412450 0000000000000001 

Instructions: (pc=0x00007f7b0ca1b7ac)
0x00007f7b0ca1b78c:   ec ff 48 89 d8 48 89 d8 48 83 c4 18 5b c9 c3 90
0x00007f7b0ca1b79c:   55 48 89 e5 48 83 ec 10 48 89 7d f8 48 8b 45 f8
0x00007f7b0ca1b7ac:   48 8b 00 48 05 b8 00 00 00 48 8b 10 48 8b 45 f8
0x00007f7b0ca1b7bc:   48 89 c7 ff d2 48 8b 45 f8 48 8b 40 18 c9 c3 90 

Register to memory mapping:

RAX=0x0000000000000000 is an unknown value
RBX=0x00000000c63e5408 is an oop
{method} 
 - klass: {other class}
RCX=0x00007f7b0c412320 is pointing into the stack for thread: 0x00007f7b14503800
RDX=0x0000000000000000 is an unknown value
RSP=0x00007f7b0c412230 is pointing into the stack for thread: 0x00007f7b14503800
RBP=0x00007f7b0c412240 is pointing into the stack for thread: 0x00007f7b14503800
RSI=0x00007f7b0c412310 is pointing into the stack for thread: 0x00007f7b14503800
RDI=0x0000000000000000 is an unknown value
R8 =0x00007f7b1c4c8700 is an Interpreter codelet
method entry point (kind = zerolocals)  [0x00007f7b1c4c8700, 0x00007f7b1c4c8c20]  1312 bytes
R9 =0x00007f7b0c412558 is pointing into the stack for thread: 0x00007f7b14503800
R10=0x00007f7b1c4cab22 is an Interpreter codelet
method entry point (kind = native)  [0x00007f7b1c4ca680, 0x00007f7b1c4cb480]  3584 bytes
R11=0x00007f7b21aa8360: <offset 0x6c0360> in /usr/lib/jvm/java-6-openjdk/jre/lib/amd64/server/libjvm.so at 0x00007f7b213e8000
R12=0x0000000000000000 is an unknown value
R13=0x00000000c63e5408 is an oop
{method} 
 - klass: {other class}
R14=0x00007f7b0c412330 is pointing into the stack for thread: 0x00007f7b14503800
R15=0x00007f7b14503800 is a thread


Stack: [0x00007f7b0c314000,0x00007f7b0c415000],  sp=0x00007f7b0c412230,  free space=1016k
Native frames: (J=compiled Java code, j=interpreted, Vv=VM code, C=native code)
C  [libsbmlj.so+0x2ab7ac]  SBase::getAnnotation()+0x10
C  [libsbmlj.so+0x17cee8]  Java_org_sbml_libsbml_libsbmlJNI_SBase_1getAnnotation+0x47
j  org.sbml.libsbml.libsbmlJNI.SBase_getAnnotation(JLorg/sbml/libsbml/SBase;)J+0
j  org.sbml.libsbml.SBase.getAnnotation()Lorg/sbml/libsbml/XMLNode;+5
v  ~StubRoutines::call_stub
V  [libjvm.so+0x4afa5f]  JavaCalls::call_helper(JavaValue*, methodHandle*, JavaCallArguments*, Thread*)+0x29f
V  [libjvm.so+0x4aee95]  JavaCalls::call(JavaValue*, methodHandle, JavaCallArguments*, Thread*)+0x25
V  [libjvm.so+0x4bab40]  _ZL20jni_invoke_nonstaticP7JNIEnv_P9JavaValueP8_jobject11JNICallTypeP10_jmethodIDP18JNI_ArgumentPusherP6Thread.constprop.145+0x230
V  [libjvm.so+0x4ca58d]  jni_CallNonvirtualObjectMethodA+0xdd
C  [libjdwp.so+0x1bac8]  Agent_OnLoad+0xcd98
C  [libjdwp.so+0x13f13]  Agent_OnLoad+0x51e3
C  [libjdwp.so+0x14546]  Agent_OnLoad+0x5816
C  [libjdwp.so+0x17255]  Agent_OnLoad+0x8525
V  [libjvm.so+0x559a55]  JvmtiExport::post_raw_breakpoint(JavaThread*, methodOopDesc*, unsigned char*)+0x205
V  [libjvm.so+0x4a754f]  InterpreterRuntime::_breakpoint(JavaThread*, methodOopDesc*, unsigned char*)+0x1f
j  celldesignerparse_4_0.compartment.CellDesignerCompartment.<init>(Lorg/sbml/libsbml/Compartment;)V+0
j  celldesignerparse_4_0.CellDesignerModel.<init>(Lorg/sbml/libsbml/Model;)V+81
j  celldesignerparse_4_0.CellDesignerDocument.<init>(Lorg/sbml/libsbml/SBMLDocument;)V+14
j  svgcontroller.SVGController.<init>(Ljava/lang/String;)V+78
j  svgview.SVGViewFrame$12.run()V+10
j  java.awt.event.InvocationEvent.dispatch()V+11
j  java.awt.EventQueue.dispatchEventImpl(Ljava/awt/AWTEvent;Ljava/lang/Object;)V+21
j  java.awt.EventQueue.access$000(Ljava/awt/EventQueue;Ljava/awt/AWTEvent;Ljava/lang/Object;)V+3
j  java.awt.EventQueue$1.run()Ljava/lang/Void;+12
j  java.awt.EventQueue$1.run()Ljava/lang/Object;+1
v  ~StubRoutines::call_stub
V  [libjvm.so+0x4afa5f]  JavaCalls::call_helper(JavaValue*, methodHandle*, JavaCallArguments*, Thread*)+0x29f
V  [libjvm.so+0x4aee95]  JavaCalls::call(JavaValue*, methodHandle, JavaCallArguments*, Thread*)+0x25
V  [libjvm.so+0x4e7cbf]  JVM_DoPrivileged+0x20f
j  java.security.AccessController.doPrivileged(Ljava/security/PrivilegedAction;Ljava/security/AccessControlContext;)Ljava/lang/Object;+0
j  java.security.AccessControlContext$1.doIntersectionPrivilege(Ljava/security/PrivilegedAction;Ljava/security/AccessControlContext;Ljava/security/AccessControlContext;)Ljava/lang/Object;+28
j  java.awt.EventQueue.dispatchEvent(Ljava/awt/AWTEvent;)V+46
j  java.awt.EventDispatchThread.pumpOneEventForFilters(I)Z+192
j  java.awt.EventDispatchThread.pumpEventsForFilter(ILjava/awt/Conditional;Ljava/awt/EventFilter;)V+30
j  java.awt.EventDispatchThread.pumpEventsForHierarchy(ILjava/awt/Conditional;Ljava/awt/Component;)V+11
j  java.awt.EventDispatchThread.pumpEvents(ILjava/awt/Conditional;)V+4
j  java.awt.EventDispatchThread.pumpEvents(Ljava/awt/Conditional;)V+3
j  java.awt.EventDispatchThread.run()V+9
v  ~StubRoutines::call_stub
V  [libjvm.so+0x4afa5f]  JavaCalls::call_helper(JavaValue*, methodHandle*, JavaCallArguments*, Thread*)+0x29f
V  [libjvm.so+0x4aee95]  JavaCalls::call(JavaValue*, methodHandle, JavaCallArguments*, Thread*)+0x25
V  [libjvm.so+0x4af393]  JavaCalls::call_virtual(JavaValue*, KlassHandle, symbolHandle, symbolHandle, JavaCallArguments*, Thread*)+0x1a3
V  [libjvm.so+0x4af4bf]  JavaCalls::call_virtual(JavaValue*, Handle, KlassHandle, symbolHandle, symbolHandle, Thread*)+0x4f
V  [libjvm.so+0x4e4f76]  thread_entry(JavaThread*, Thread*)+0x86
V  [libjvm.so+0x74bca8]  JavaThread::thread_main_inner()+0x58
V  [libjvm.so+0x64bc22]  java_start(Thread*)+0x112

Java frames: (J=compiled Java code, j=interpreted, Vv=VM code)
j  org.sbml.libsbml.libsbmlJNI.SBase_getAnnotation(JLorg/sbml/libsbml/SBase;)J+0
j  org.sbml.libsbml.SBase.getAnnotation()Lorg/sbml/libsbml/XMLNode;+5
v  ~StubRoutines::call_stub
j  celldesignerparse_4_0.compartment.CellDesignerCompartment.<init>(Lorg/sbml/libsbml/Compartment;)V+0
j  celldesignerparse_4_0.CellDesignerModel.<init>(Lorg/sbml/libsbml/Model;)V+81
j  celldesignerparse_4_0.CellDesignerDocument.<init>(Lorg/sbml/libsbml/SBMLDocument;)V+14
j  svgcontroller.SVGController.<init>(Ljava/lang/String;)V+78
j  svgview.SVGViewFrame$12.run()V+10
j  java.awt.event.InvocationEvent.dispatch()V+11
j  java.awt.EventQueue.dispatchEventImpl(Ljava/awt/AWTEvent;Ljava/lang/Object;)V+21
j  java.awt.EventQueue.access$000(Ljava/awt/EventQueue;Ljava/awt/AWTEvent;Ljava/lang/Object;)V+3
j  java.awt.EventQueue$1.run()Ljava/lang/Void;+12
j  java.awt.EventQueue$1.run()Ljava/lang/Object;+1
v  ~StubRoutines::call_stub
j  java.security.AccessController.doPrivileged(Ljava/security/PrivilegedAction;Ljava/security/AccessControlContext;)Ljava/lang/Object;+0
j  java.security.AccessControlContext$1.doIntersectionPrivilege(Ljava/security/PrivilegedAction;Ljava/security/AccessControlContext;Ljava/security/AccessControlContext;)Ljava/lang/Object;+28
j  java.awt.EventQueue.dispatchEvent(Ljava/awt/AWTEvent;)V+46
j  java.awt.EventDispatchThread.pumpOneEventForFilters(I)Z+192
j  java.awt.EventDispatchThread.pumpEventsForFilter(ILjava/awt/Conditional;Ljava/awt/EventFilter;)V+30
j  java.awt.EventDispatchThread.pumpEventsForHierarchy(ILjava/awt/Conditional;Ljava/awt/Component;)V+11
j  java.awt.EventDispatchThread.pumpEvents(ILjava/awt/Conditional;)V+4
j  java.awt.EventDispatchThread.pumpEvents(Ljava/awt/Conditional;)V+3
j  java.awt.EventDispatchThread.run()V+9
v  ~StubRoutines::call_stub

---------------  P R O C E S S  ---------------

Java Threads: ( => current thread )
=>0x00007f7b14503800 JavaThread "AWT-EventQueue-0" [_thread_in_native, id=7483, stack(0x00007f7b0c314000,0x00007f7b0c415000)]
  0x00007f7b14513000 JavaThread "AWT-Shutdown" [_thread_blocked, id=7482, stack(0x00007f7b18a80000,0x00007f7b18b81000)]
  0x00007f7b1412d800 JavaThread "AWT-XAWT" daemon [_thread_in_native, id=7460, stack(0x00007f7b18b81000,0x00007f7b18c82000)]
  0x000000000109b000 JavaThread "Java2D Disposer" daemon [_thread_blocked, id=7459, stack(0x00007f7b18cb3000,0x00007f7b18db4000)]
  0x00007f7b1403b000 JavaThread "Low Memory Detector" daemon [_thread_blocked, id=7457, stack(0x00007f7b1aa89000,0x00007f7b1ab8a000)]
  0x00007f7b14038800 JavaThread "C2 CompilerThread1" daemon [_thread_blocked, id=7456, stack(0x00007f7b1ab8a000,0x00007f7b1ac8b000)]
  0x00007f7b14036000 JavaThread "C2 CompilerThread0" daemon [_thread_blocked, id=7455, stack(0x00007f7b1ac8b000,0x00007f7b1ad8c000)]
  0x00007f7b14031000 JavaThread "JDWP Command Reader" daemon [_thread_in_native, id=7449, stack(0x00007f7b1ad8c000,0x00007f7b1ae8d000)]
  0x00007f7b1402e800 JavaThread "JDWP Event Helper Thread" daemon [_thread_blocked, id=7448, stack(0x00007f7b1ae8d000,0x00007f7b1af8e000)]
  0x00007f7b1402b000 JavaThread "JDWP Transport Listener: dt_socket" daemon [_thread_blocked, id=7447, stack(0x00007f7b1af8e000,0x00007f7b1b08f000)]
  0x00007f7b1401f000 JavaThread "Signal Dispatcher" daemon [_thread_blocked, id=7444, stack(0x00007f7b1b294000,0x00007f7b1b395000)]
  0x00007f7b14001000 JavaThread "Finalizer" daemon [_thread_blocked, id=7443, stack(0x00007f7b1b395000,0x00007f7b1b496000)]
  0x0000000000e51800 JavaThread "Reference Handler" daemon [_thread_blocked, id=7442, stack(0x00007f7b1b496000,0x00007f7b1b597000)]
  0x0000000000de3000 JavaThread "main" [_thread_blocked, id=7432, stack(0x00007f7b22c7a000,0x00007f7b22d7b000)]

Other Threads:
  0x0000000000e4a800 VMThread [stack: 0x00007f7b1b597000,0x00007f7b1b698000] [id=7441]
  0x00007f7b1403e000 WatcherThread [stack: 0x00007f7b1a988000,0x00007f7b1aa89000] [id=7458]

VM state:not at safepoint (normal execution)

VM Mutex/Monitor currently owned by a thread: None

Heap
 PSYoungGen      total 18112K, used 12607K [0x00000000f0000000, 0x00000000f1430000, 0x0000000100000000)
  eden space 15552K, 66% used [0x00000000f0000000,0x00000000f0a2bdb8,0x00000000f0f30000)
  from space 2560K, 85% used [0x00000000f0f30000,0x00000000f1154010,0x00000000f11b0000)
  to   space 2560K, 0% used [0x00000000f11b0000,0x00000000f11b0000,0x00000000f1430000)
 PSOldGen        total 41344K, used 0K [0x00000000d0000000, 0x00000000d2860000, 0x00000000f0000000)
  object space 41344K, 0% used [0x00000000d0000000,0x00000000d0000000,0x00000000d2860000)
 PSPermGen       total 21248K, used 11090K [0x00000000c5a00000, 0x00000000c6ec0000, 0x00000000d0000000)
  object space 21248K, 52% used [0x00000000c5a00000,0x00000000c64d4930,0x00000000c6ec0000)

Code Cache  [0x00007f7b1c4b4000, 0x00007f7b1c724000, 0x00007f7b1f4b4000)
 total_blobs=510 nmethods=98 adapters=374 free_code_cache=49490304 largest_free_block=11456

Dynamic libraries:
00400000-00409000 r-xp 00000000 08:07 9048861                            /usr/lib/jvm/java-6-openjdk/jre/bin/java
00608000-00609000 r--p 00008000 08:07 9048861                            /usr/lib/jvm/java-6-openjdk/jre/bin/java
00609000-0060a000 rw-p 00009000 08:07 9048861                            /usr/lib/jvm/java-6-openjdk/jre/bin/java
00dd4000-01a76000 rw-p 00000000 00:00 0                                  [heap]
c5a00000-c6ec0000 rw-p 00000000 00:00 0 
c6ec0000-d0000000 rw-p 00000000 00:00 0 
d0000000-d2860000 rw-p 00000000 00:00 0 
d2860000-f0000000 rw-p 00000000 00:00 0 
f0000000-f1430000 rw-p 00000000 00:00 0 
f1430000-100000000 rw-p 00000000 00:00 0 
7f7b0c314000-7f7b0c317000 ---p 00000000 00:00 0 
7f7b0c317000-7f7b0c415000 rw-p 00000000 00:00 0 
7f7b0c415000-7f7b0c566000 r-xp 00000000 08:07 7733572                    /usr/lib/libxml2.so.2.7.8
7f7b0c566000-7f7b0c765000 ---p 00151000 08:07 7733572                    /usr/lib/libxml2.so.2.7.8
7f7b0c765000-7f7b0c76d000 r--p 00150000 08:07 7733572                    /usr/lib/libxml2.so.2.7.8
7f7b0c76d000-7f7b0c76f000 rw-p 00158000 08:07 7733572                    /usr/lib/libxml2.so.2.7.8
7f7b0c76f000-7f7b0c770000 rw-p 00000000 00:00 0 
7f7b0c770000-7f7b0cb21000 r-xp 00000000 08:07 8924410                    /usr/local/lib/libsbmlj.so
7f7b0cb21000-7f7b0cd21000 ---p 003b1000 08:07 8924410                    /usr/local/lib/libsbmlj.so
7f7b0cd21000-7f7b0cd3b000 r--p 003b1000 08:07 8924410                    /usr/local/lib/libsbmlj.so
7f7b0cd3b000-7f7b0cd48000 rw-p 003cb000 08:07 8924410                    /usr/local/lib/libsbmlj.so
7f7b0cd48000-7f7b0cd4b000 rw-p 00000000 00:00 0 
7f7b0cd4b000-7f7b0cd4c000 ---p 00000000 00:00 0 
7f7b0cd4c000-7f7b0d54c000 rw-p 00000000 00:00 0 
7f7b0d54c000-7f7b0d54d000 ---p 00000000 00:00 0 
7f7b0d54d000-7f7b0dd4d000 rw-p 00000000 00:00 0 
7f7b0dd4d000-7f7b0dd64000 r-xp 00000000 08:07 7734931                    /usr/lib/libdbusmenu-glib.so.4.0.5
7f7b0dd64000-7f7b0df64000 ---p 00017000 08:07 7734931                    /usr/lib/libdbusmenu-glib.so.4.0.5
7f7b0df64000-7f7b0df65000 r--p 00017000 08:07 7734931                    /usr/lib/libdbusmenu-glib.so.4.0.5
7f7b0df65000-7f7b0df66000 rw-p 00018000 08:07 7734931                    /usr/lib/libdbusmenu-glib.so.4.0.5
7f7b0df66000-7f7b0df77000 r-xp 00000000 08:07 7734933                    /usr/lib/libdbusmenu-gtk.so.4.0.5
7f7b0df77000-7f7b0e176000 ---p 00011000 08:07 7734933                    /usr/lib/libdbusmenu-gtk.so.4.0.5
7f7b0e176000-7f7b0e177000 r--p 00010000 08:07 7734933                    /usr/lib/libdbusmenu-gtk.so.4.0.5
7f7b0e177000-7f7b0e178000 rw-p 00011000 08:07 7734933                    /usr/lib/libdbusmenu-gtk.so.4.0.5
7f7b0e178000-7f7b0e17d000 r-xp 00000000 08:07 7736466                    /usr/lib/gtk-2.0/2.10.0/menuproxies/libappmenu.so
7f7b0e17d000-7f7b0e37c000 ---p 00005000 08:07 7736466                    /usr/lib/gtk-2.0/2.10.0/menuproxies/libappmenu.so
7f7b0e37c000-7f7b0e37d000 r--p 00004000 08:07 7736466                    /usr/lib/gtk-2.0/2.10.0/menuproxies/libappmenu.so
7f7b0e37d000-7f7b0e37e000 rw-p 00005000 08:07 7736466                    /usr/lib/gtk-2.0/2.10.0/menuproxies/libappmenu.so
7f7b0e37e000-7f7b0e3d0000 r--p 00000000 08:07 8651573                    /usr/share/fonts/truetype/ttf-dejavu/DejaVuSansMono.ttf
7f7b0e3d0000-7f7b0e3d2000 r-xp 00000000 08:07 7868083                    /usr/lib/x86_64-linux-gnu/pango/1.6.0/modules/pango-basic-fc.so
7f7b0e3d2000-7f7b0e5d1000 ---p 00002000 08:07 7868083                    /usr/lib/x86_64-linux-gnu/pango/1.6.0/modules/pango-basic-fc.so
7f7b0e5d1000-7f7b0e5d2000 r--p 00001000 08:07 7868083                    /usr/lib/x86_64-linux-gnu/pango/1.6.0/modules/pango-basic-fc.so
7f7b0e5d2000-7f7b0e5d3000 rw-p 00002000 08:07 7868083                    /usr/lib/x86_64-linux-gnu/pango/1.6.0/modules/pango-basic-fc.so
7f7b0e5d3000-7f7b0e5db000 r-xp 00000000 08:07 8913662                    /usr/lib/jvm/java-6-openjdk/jre/lib/amd64/libnio.so
7f7b0e5db000-7f7b0e7da000 ---p 00008000 08:07 8913662                    /usr/lib/jvm/java-6-openjdk/jre/lib/amd64/libnio.so
7f7b0e7da000-7f7b0e7db000 r--p 00007000 08:07 8913662                    /usr/lib/jvm/java-6-openjdk/jre/lib/amd64/libnio.so
7f7b0e7db000-7f7b0e7dc000 rw-p 00008000 08:07 8913662                    /usr/lib/jvm/java-6-openjdk/jre/lib/amd64/libnio.so
7f7b0e7dc000-7f7b0e7f1000 r-xp 00000000 08:07 8913707                    /usr/lib/jvm/java-6-openjdk/jre/lib/amd64/libnet.so
7f7b0e7f1000-7f7b0e9f0000 ---p 00015000 08:07 8913707                    /usr/lib/jvm/java-6-openjdk/jre/lib/amd64/libnet.so
7f7b0e9f0000-7f7b0e9f1000 r--p 00014000 08:07 8913707                    /usr/lib/jvm/java-6-openjdk/jre/lib/amd64/libnet.so
7f7b0e9f1000-7f7b0e9f2000 rw-p 00015000 08:07 8913707                    /usr/lib/jvm/java-6-openjdk/jre/lib/amd64/libnet.so
7f7b0e9f2000-7f7b0ea34000 r-xp 00000000 08:07 2625193                    /lib/x86_64-linux-gnu/libdbus-1.so.3.5.7
7f7b0ea34000-7f7b0ec33000 ---p 00042000 08:07 2625193                    /lib/x86_64-linux-gnu/libdbus-1.so.3.5.7
7f7b0ec33000-7f7b0ec34000 r--p 00041000 08:07 2625193                    /lib/x86_64-linux-gnu/libdbus-1.so.3.5.7
7f7b0ec34000-7f7b0ec35000 rw-p 00042000 08:07 2625193                    /lib/x86_64-linux-gnu/libdbus-1.so.3.5.7
7f7b0ec35000-7f7b0ec59000 r-xp 00000000 08:07 7741299                    /usr/lib/x86_64-linux-gnu/libdbus-glib-1.so.2.2.0
7f7b0ec59000-7f7b0ee59000 ---p 00024000 08:07 7741299                    /usr/lib/x86_64-linux-gnu/libdbus-glib-1.so.2.2.0
7f7b0ee59000-7f7b0ee5a000 r--p 00024000 08:07 7741299                    /usr/lib/x86_64-linux-gnu/libdbus-glib-1.so.2.2.0
7f7b0ee5a000-7f7b0ee5b000 rw-p 00025000 08:07 7741299                    /usr/lib/x86_64-linux-gnu/libdbus-glib-1.so.2.2.0
7f7b0ee5b000-7f7b0efa0000 r-xp 00000000 08:07 7868008                    /usr/lib/x86_64-linux-gnu/gtk-2.0/2.10.0/engines/liboxygen-gtk.so
7f7b0efa0000-7f7b0f1a0000 ---p 00145000 08:07 7868008                    /usr/lib/x86_64-linux-gnu/gtk-2.0/2.10.0/engines/liboxygen-gtk.so
7f7b0f1a0000-7f7b0f1a6000 r--p 00145000 08:07 7868008                    /usr/lib/x86_64-linux-gnu/gtk-2.0/2.10.0/engines/liboxygen-gtk.so
7f7b0f1a6000-7f7b0f1a9000 rw-p 0014b000 08:07 7868008                    /usr/lib/x86_64-linux-gnu/gtk-2.0/2.10.0/engines/liboxygen-gtk.so
7f7b0f1a9000-7f7b0f1aa000 rw-p 00000000 00:00 0 
7f7b0f1aa000-7f7b0f1b0000 r-xp 00000000 08:07 7741391                    /usr/lib/x86_64-linux-gnu/libogg.so.0.7.1
7f7b0f1b0000-7f7b0f3af000 ---p 00006000 08:07 7741391                    /usr/lib/x86_64-linux-gnu/libogg.so.0.7.1
7f7b0f3af000-7f7b0f3b0000 r--p 00005000 08:07 7741391                    /usr/lib/x86_64-linux-gnu/libogg.so.0.7.1
7f7b0f3b0000-7f7b0f3b1000 rw-p 00006000 08:07 7741391                    /usr/lib/x86_64-linux-gnu/libogg.so.0.7.1
7f7b0f3b1000-7f7b0f3dc000 r-xp 00000000 08:07 7741462                    /usr/lib/x86_64-linux-gnu/libvorbis.so.0.4.5
7f7b0f3dc000-7f7b0f5db000 ---p 0002b000 08:07 7741462                    /usr/lib/x86_64-linux-gnu/libvorbis.so.0.4.5
7f7b0f5db000-7f7b0f5dc000 r--p 0002a000 08:07 7741462                    /usr/lib/x86_64-linux-gnu/libvorbis.so.0.4.5
7f7b0f5dc000-7f7b0f5dd000 rw-p 0002b000 08:07 7741462                    /usr/lib/x86_64-linux-gnu/libvorbis.so.0.4.5
7f7b0f5dd000-7f7b0f5e5000 r-xp 00000000 08:07 7735353                    /usr/lib/libltdl.so.7.3.0
7f7b0f5e5000-7f7b0f7e5000 ---p 00008000 08:07 7735353                    /usr/lib/libltdl.so.7.3.0
7f7b0f7e5000-7f7b0f7e6000 r--p 00008000 08:07 7735353                    /usr/lib/libltdl.so.7.3.0
7f7b0f7e6000-7f7b0f7e7000 rw-p 00009000 08:07 7735353                    /usr/lib/libltdl.so.7.3.0
7f7b0f7e7000-7f7b0f7f7000 r-xp 00000000 08:07 7741452                    /usr/lib/x86_64-linux-gnu/libtdb.so.1.2.9
7f7b0f7f7000-7f7b0f9f6000 ---p 00010000 08:07 7741452                    /usr/lib/x86_64-linux-gnu/libtdb.so.1.2.9
7f7b0f9f6000-7f7b0f9f7000 r--p 0000f000 08:07 7741452                    /usr/lib/x86_64-linux-gnu/libtdb.so.1.2.9
7f7b0f9f7000-7f7b0f9f8000 rw-p 00010000 08:07 7741452                    /usr/lib/x86_64-linux-gnu/libtdb.so.1.2.9
7f7b0f9f8000-7f7b0f9ff000 r-xp 00000000 08:07 7741466                    /usr/lib/x86_64-linux-gnu/libvorbisfile.so.3.3.4
7f7b0f9ff000-7f7b0fbfe000 ---p 00007000 08:07 7741466                    /usr/lib/x86_64-linux-gnu/libvorbisfile.so.3.3.4
7f7b0fbfe000-7f7b0fbff000 r--p 00006000 08:07 7741466                    /usr/lib/x86_64-linux-gnu/libvorbisfile.so.3.3.4
7f7b0fbff000-7f7b0fc00000 rw-p 00007000 08:07 7741466                    /usr/lib/x86_64-linux-gnu/libvorbisfile.so.3.3.4
7f7b0fc00000-7f7b0fc0f000 r-xp 00000000 08:07 7733307                    /usr/lib/libcanberra.so.0.2.5
7f7b0fc0f000-7f7b0fe0e000 ---p 0000f000 08:07 7733307                    /usr/lib/libcanberra.so.0.2.5
7f7b0fe0e000-7f7b0fe0f000 r--p 0000e000 08:07 7733307                    /usr/lib/libcanberra.so.0.2.5
7f7b0fe0f000-7f7b0fe10000 rw-p 0000f000 08:07 7733307                    /usr/lib/libcanberra.so.0.2.5
7f7b0fe10000-7f7b0fe14000 r-xp 00000000 08:07 7751583                    /usr/lib/libcanberra-gtk.so.0.1.8
7f7b0fe14000-7f7b10013000 ---p 00004000 08:07 7751583                    /usr/lib/libcanberra-gtk.so.0.1.8
7f7b10013000-7f7b10014000 r--p 00003000 08:07 7751583                    /usr/lib/libcanberra-gtk.so.0.1.8
7f7b10014000-7f7b10015000 rw-p 00004000 08:07 7751583                    /usr/lib/libcanberra-gtk.so.0.1.8
7f7b10015000-7f7b1001a000 r-xp 00000000 08:07 9703117                    /usr/lib/gtk-2.0/modules/libcanberra-gtk-module.so
7f7b1001a000-7f7b10219000 ---p 00005000 08:07 9703117                    /usr/lib/gtk-2.0/modules/libcanberra-gtk-module.so
7f7b10219000-7f7b1021a000 r--p 00004000 08:07 9703117                    /usr/lib/gtk-2.0/modules/libcanberra-gtk-module.so
7f7b1021a000-7f7b1021b000 rw-p 00005000 08:07 9703117                    /usr/lib/gtk-2.0/modules/libcanberra-gtk-module.so
7f7b1021b000-7f7b10256000 r-xp 00000000 08:07 2625240                    /lib/x86_64-linux-gnu/libpcre.so.3.12.1
7f7b10256000-7f7b10455000 ---p 0003b000 08:07 2625240                    /lib/x86_64-linux-gnu/libpcre.so.3.12.1
7f7b10455000-7f7b10456000 r--p 0003a000 08:07 2625240                    /lib/x86_64-linux-gnu/libpcre.so.3.12.1
7f7b10456000-7f7b10457000 rw-p 0003b000 08:07 2625240                    /lib/x86_64-linux-gnu/libpcre.so.3.12.1
7f7b10457000-7f7b1045e000 r-xp 00000000 08:07 7741313                    /usr/lib/x86_64-linux-gnu/libffi.so.6.0.0
7f7b1045e000-7f7b1065d000 ---p 00007000 08:07 7741313                    /usr/lib/x86_64-linux-gnu/libffi.so.6.0.0
7f7b1065d000-7f7b1065e000 r--p 00006000 08:07 7741313                    /usr/lib/x86_64-linux-gnu/libffi.so.6.0.0
7f7b1065e000-7f7b1065f000 rw-p 00007000 08:07 7741313                    /usr/lib/x86_64-linux-gnu/libffi.so.6.0.0
7f7b1065f000-7f7b10663000 r-xp 00000000 08:07 7741345                    /usr/lib/x86_64-linux-gnu/libgthread-2.0.so.0.3000.0
7f7b10663000-7f7b10862000 ---p 00004000 08:07 7741345                    /usr/lib/x86_64-linux-gnu/libgthread-2.0.so.0.3000.0
7f7b10862000-7f7b10863000 r--p 00003000 08:07 7741345                    /usr/lib/x86_64-linux-gnu/libgthread-2.0.so.0.3000.0
7f7b10863000-7f7b10864000 rw-p 00004000 08:07 7741345                    /usr/lib/x86_64-linux-gnu/libgthread-2.0.so.0.3000.0
7f7b10864000-7f7b1088b000 r-xp 00000000 08:07 2625199                    /lib/x86_64-linux-gnu/libexpat.so.1.5.2
7f7b1088b000-7f7b10a8b000 ---p 00027000 08:07 2625199                    /lib/x86_64-linux-gnu/libexpat.so.1.5.2
7f7b10a8b000-7f7b10a8d000 r--p 00027000 08:07 2625199                    /lib/x86_64-linux-gnu/libexpat.so.1.5.2
7f7b10a8d000-7f7b10a8e000 rw-p 00029000 08:07 2625199                    /lib/x86_64-linux-gnu/libexpat.so.1.5.2
7f7b10a8e000-7f7b10aa5000 r-xp 00000000 08:07 2625245                    /lib/x86_64-linux-gnu/libresolv-2.13.so
7f7b10aa5000-7f7b10ca5000 ---p 00017000 08:07 2625245                    /lib/x86_64-linux-gnu/libresolv-2.13.so
7f7b10ca5000-7f7b10ca6000 r--p 00017000 08:07 2625245                    /lib/x86_64-linux-gnu/libresolv-2.13.so
7f7b10ca6000-7f7b10ca7000 rw-p 00018000 08:07 2625245                    /lib/x86_64-linux-gnu/libresolv-2.13.so
7f7b10ca7000-7f7b10ca9000 rw-p 00000000 00:00 0 
7f7b10ca9000-7f7b10cc5000 r-xp 00000000 08:07 2625249                    /lib/x86_64-linux-gnu/libselinux.so.1
7f7b10cc5000-7f7b10ec4000 ---p 0001c000 08:07 2625249                    /lib/x86_64-linux-gnu/libselinux.so.1
7f7b10ec4000-7f7b10ec5000 r--p 0001b000 08:07 2625249                    /lib/x86_64-linux-gnu/libselinux.so.1
7f7b10ec5000-7f7b10ec6000 rw-p 0001c000 08:07 2625249                    /lib/x86_64-linux-gnu/libselinux.so.1
7f7b10ec6000-7f7b10ec7000 rw-p 00000000 00:00 0 
7f7b10ec7000-7f7b10ece000 r-xp 00000000 08:07 7741470                    /usr/lib/x86_64-linux-gnu/libxcb-render.so.0.0.0
7f7b10ece000-7f7b110ce000 ---p 00007000 08:07 7741470                    /usr/lib/x86_64-linux-gnu/libxcb-render.so.0.0.0
7f7b110ce000-7f7b110cf000 r--p 00007000 08:07 7741470                    /usr/lib/x86_64-linux-gnu/libxcb-render.so.0.0.0
7f7b110cf000-7f7b110d0000 rw-p 00008000 08:07 7741470                    /usr/lib/x86_64-linux-gnu/libxcb-render.so.0.0.0
7f7b110d0000-7f7b110d2000 r-xp 00000000 08:07 7741474                    /usr/lib/x86_64-linux-gnu/libxcb-shm.so.0.0.0
7f7b110d2000-7f7b112d1000 ---p 00002000 08:07 7741474                    /usr/lib/x86_64-linux-gnu/libxcb-shm.so.0.0.0
7f7b112d1000-7f7b112d2000 r--p 00001000 08:07 7741474                    /usr/lib/x86_64-linux-gnu/libxcb-shm.so.0.0.0
7f7b112d2000-7f7b112d3000 rw-p 00002000 08:07 7741474                    /usr/lib/x86_64-linux-gnu/libxcb-shm.so.0.0.0
7f7b112d3000-7f7b112f9000 r-xp 00000000 08:07 2625242                    /lib/x86_64-linux-gnu/libpng12.so.0.46.0
7f7b112f9000-7f7b114f8000 ---p 00026000 08:07 2625242                    /lib/x86_64-linux-gnu/libpng12.so.0.46.0
7f7b114f8000-7f7b114f9000 r--p 00025000 08:07 2625242                    /lib/x86_64-linux-gnu/libpng12.so.0.46.0
7f7b114f9000-7f7b114fa000 rw-p 00026000 08:07 2625242                    /lib/x86_64-linux-gnu/libpng12.so.0.46.0
7f7b114fa000-7f7b11568000 r-xp 00000000 08:07 7741411                    /usr/lib/x86_64-linux-gnu/libpixman-1.so.0.22.2
7f7b11568000-7f7b11768000 ---p 0006e000 08:07 7741411                    /usr/lib/x86_64-linux-gnu/libpixman-1.so.0.22.2
7f7b11768000-7f7b1176d000 r--p 0006e000 08:07 7741411                    /usr/lib/x86_64-linux-gnu/libpixman-1.so.0.22.2
7f7b1176d000-7f7b1176e000 rw-p 00073000 08:07 7741411                    /usr/lib/x86_64-linux-gnu/libpixman-1.so.0.22.2
7f7b1176e000-7f7b11770000 r-xp 00000000 08:07 7741237                    /usr/lib/x86_64-linux-gnu/libXdamage.so.1.1.0
7f7b11770000-7f7b1196f000 ---p 00002000 08:07 7741237                    /usr/lib/x86_64-linux-gnu/libXdamage.so.1.1.0
7f7b1196f000-7f7b11970000 r--p 00001000 08:07 7741237                    /usr/lib/x86_64-linux-gnu/libXdamage.so.1.1.0
7f7b11970000-7f7b11971000 rw-p 00002000 08:07 7741237                    /usr/lib/x86_64-linux-gnu/libXdamage.so.1.1.0
7f7b11971000-7f7b11973000 r-xp 00000000 08:07 7741233                    /usr/lib/x86_64-linux-gnu/libXcomposite.so.1.0.0
7f7b11973000-7f7b11b72000 ---p 00002000 08:07 7741233                    /usr/lib/x86_64-linux-gnu/libXcomposite.so.1.0.0
7f7b11b72000-7f7b11b73000 r--p 00001000 08:07 7741233                    /usr/lib/x86_64-linux-gnu/libXcomposite.so.1.0.0
7f7b11b73000-7f7b11b74000 rw-p 00002000 08:07 7741233                    /usr/lib/x86_64-linux-gnu/libXcomposite.so.1.0.0
7f7b11b74000-7f7b11b7c000 r-xp 00000000 08:07 7741251                    /usr/lib/x86_64-linux-gnu/libXrandr.so.2.2.0
7f7b11b7c000-7f7b11d7b000 ---p 00008000 08:07 7741251                    /usr/lib/x86_64-linux-gnu/libXrandr.so.2.2.0
7f7b11d7b000-7f7b11d7c000 r--p 00007000 08:07 7741251                    /usr/lib/x86_64-linux-gnu/libXrandr.so.2.2.0
7f7b11d7c000-7f7b11d7d000 rw-p 00008000 08:07 7741251                    /usr/lib/x86_64-linux-gnu/libXrandr.so.2.2.0
7f7b11d7d000-7f7b11d7f000 r-xp 00000000 08:07 7741249                    /usr/lib/x86_64-linux-gnu/libXinerama.so.1.0.0
7f7b11d7f000-7f7b11f7e000 ---p 00002000 08:07 7741249                    /usr/lib/x86_64-linux-gnu/libXinerama.so.1.0.0
7f7b11f7e000-7f7b11f7f000 r--p 00001000 08:07 7741249                    /usr/lib/x86_64-linux-gnu/libXinerama.so.1.0.0
7f7b11f7f000-7f7b11f80000 rw-p 00002000 08:07 7741249                    /usr/lib/x86_64-linux-gnu/libXinerama.so.1.0.0
7f7b11f80000-7f7b12074000 r-xp 00000000 08:07 2625208                    /lib/x86_64-linux-gnu/libglib-2.0.so.0.3000.0
7f7b12074000-7f7b12273000 ---p 000f4000 08:07 2625208                    /lib/x86_64-linux-gnu/libglib-2.0.so.0.3000.0
7f7b12273000-7f7b12274000 r--p 000f3000 08:07 2625208                    /lib/x86_64-linux-gnu/libglib-2.0.so.0.3000.0
7f7b12274000-7f7b12275000 rw-p 000f4000 08:07 2625208                    /lib/x86_64-linux-gnu/libglib-2.0.so.0.3000.0
7f7b12275000-7f7b12276000 rw-p 00000000 00:00 0 
7f7b12276000-7f7b12279000 r-xp 00000000 08:07 7741333                    /usr/lib/x86_64-linux-gnu/libgmodule-2.0.so.0.3000.0
7f7b12279000-7f7b12478000 ---p 00003000 08:07 7741333                    /usr/lib/x86_64-linux-gnu/libgmodule-2.0.so.0.3000.0
7f7b12478000-7f7b12479000 r--p 00002000 08:07 7741333                    /usr/lib/x86_64-linux-gnu/libgmodule-2.0.so.0.3000.0
7f7b12479000-7f7b1247a000 rw-p 00003000 08:07 7741333                    /usr/lib/x86_64-linux-gnu/libgmodule-2.0.so.0.3000.0
7f7b1247a000-7f7b124c8000 r-xp 00000000 08:07 7741341                    /usr/lib/x86_64-linux-gnu/libgobject-2.0.so.0.3000.0
7f7b124c8000-7f7b126c8000 ---p 0004e000 08:07 7741341                    /usr/lib/x86_64-linux-gnu/libgobject-2.0.so.0.3000.0
7f7b126c8000-7f7b126c9000 r--p 0004e000 08:07 7741341                    /usr/lib/x86_64-linux-gnu/libgobject-2.0.so.0.3000.0
7f7b126c9000-7f7b126ca000 rw-p 0004f000 08:07 7741341                    /usr/lib/x86_64-linux-gnu/libgobject-2.0.so.0.3000.0
7f7b126ca000-7f7b126cb000 rw-p 00000000 00:00 0 
7f7b126cb000-7f7b126ff000 r-xp 00000000 08:07 7741315                    /usr/lib/x86_64-linux-gnu/libfontconfig.so.1.4.4
7f7b126ff000-7f7b128ff000 ---p 00034000 08:07 7741315                    /usr/lib/x86_64-linux-gnu/libfontconfig.so.1.4.4
7f7b128ff000-7f7b12900000 r--p 00034000 08:07 7741315                    /usr/lib/x86_64-linux-gnu/libfontconfig.so.1.4.4
7f7b12900000-7f7b12901000 rw-p 00035000 08:07 7741315                    /usr/lib/x86_64-linux-gnu/libfontconfig.so.1.4.4
7f7b12901000-7f7b12948000 r-xp 00000000 08:07 7741393                    /usr/lib/x86_64-linux-gnu/libpango-1.0.so.0.2903.0
7f7b12948000-7f7b12b48000 ---p 00047000 08:07 7741393                    /usr/lib/x86_64-linux-gnu/libpango-1.0.so.0.2903.0
7f7b12b48000-7f7b12b4a000 r--p 00047000 08:07 7741393                    /usr/lib/x86_64-linux-gnu/libpango-1.0.so.0.2903.0
7f7b12b4a000-7f7b12b4b000 rw-p 00049000 08:07 7741393                    /usr/lib/x86_64-linux-gnu/libpango-1.0.so.0.2903.0
7f7b12b4b000-7f7b12b75000 r-xp 00000000 08:07 7741397                    /usr/lib/x86_64-linux-gnu/libpangoft2-1.0.so.0.2903.0
7f7b12b75000-7f7b12d74000 ---p 0002a000 08:07 7741397                    /usr/lib/x86_64-linux-gnu/libpangoft2-1.0.so.0.2903.0
7f7b12d74000-7f7b12d75000 r--p 00029000 08:07 7741397                    /usr/lib/x86_64-linux-gnu/libpangoft2-1.0.so.0.2903.0
7f7b12d75000-7f7b12d76000 rw-p 0002a000 08:07 7741397                    /usr/lib/x86_64-linux-gnu/libpangoft2-1.0.so.0.2903.0
7f7b12d76000-7f7b12eb1000 r-xp 00000000 08:07 7741329                    /usr/lib/x86_64-linux-gnu/libgio-2.0.so.0.3000.0
7f7b12eb1000-7f7b130b0000 ---p 0013b000 08:07 7741329                    /usr/lib/x86_64-linux-gnu/libgio-2.0.so.0.3000.0
7f7b130b0000-7f7b130b4000 r--p 0013a000 08:07 7741329                    /usr/lib/x86_64-linux-gnu/libgio-2.0.so.0.3000.0
7f7b130b4000-7f7b130b6000 rw-p 0013e000 08:07 7741329                    /usr/lib/x86_64-linux-gnu/libgio-2.0.so.0.3000.0
7f7b130b6000-7f7b130b8000 rw-p 00000000 00:00 0 
7f7b130b8000-7f7b130d6000 r-xp 00000000 08:07 7741325                    /usr/lib/x86_64-linux-gnu/libgdk_pixbuf-2.0.so.0.2400.0
7f7b130d6000-7f7b132d5000 ---p 0001e000 08:07 7741325                    /usr/lib/x86_64-linux-gnu/libgdk_pixbuf-2.0.so.0.2400.0
7f7b132d5000-7f7b132d6000 r--p 0001d000 08:07 7741325                    /usr/lib/x86_64-linux-gnu/libgdk_pixbuf-2.0.so.0.2400.0
7f7b132d6000-7f7b132d7000 rw-p 0001e000 08:07 7741325                    /usr/lib/x86_64-linux-gnu/libgdk_pixbuf-2.0.so.0.2400.0
7f7b132d7000-7f7b13390000 r-xp 00000000 08:07 7741281                    /usr/lib/x86_64-linux-gnu/libcairo.so.2.11000.2
7f7b13390000-7f7b1358f000 ---p 000b9000 08:07 7741281                    /usr/lib/x86_64-linux-gnu/libcairo.so.2.11000.2
7f7b1358f000-7f7b13591000 r--p 000b8000 08:07 7741281                    /usr/lib/x86_64-linux-gnu/libcairo.so.2.11000.2
7f7b13591000-7f7b13592000 rw-p 000ba000 08:07 7741281                    /usr/lib/x86_64-linux-gnu/libcairo.so.2.11000.2
7f7b13592000-7f7b13595000 rw-p 00000000 00:00 0 
7f7b13595000-7f7b135b4000 r-xp 00000000 08:07 7741269                    /usr/lib/x86_64-linux-gnu/libatk-1.0.so.0.20209.1
7f7b135b4000-7f7b137b4000 ---p 0001f000 08:07 7741269                    /usr/lib/x86_64-linux-gnu/libatk-1.0.so.0.20209.1
7f7b137b4000-7f7b137b6000 r--p 0001f000 08:07 7741269                    /usr/lib/x86_64-linux-gnu/libatk-1.0.so.0.20209.1
7f7b137b6000-7f7b137b7000 rw-p 00021000 08:07 7741269                    /usr/lib/x86_64-linux-gnu/libatk-1.0.so.0.20209.1
7f7b137b7000-7f7b137c2000 r-xp 00000000 08:07 7741395                    /usr/lib/x86_64-linux-gnu/libpangocairo-1.0.so.0.2903.0
7f7b137c2000-7f7b139c2000 ---p 0000b000 08:07 7741395                    /usr/lib/x86_64-linux-gnu/libpangocairo-1.0.so.0.2903.0
7f7b139c2000-7f7b139c3000 r--p 0000b000 08:07 7741395                    /usr/lib/x86_64-linux-gnu/libpangocairo-1.0.so.0.2903.0
7f7b139c3000-7f7b139c4000 rw-p 0000c000 08:07 7741395                    /usr/lib/x86_64-linux-gnu/libpangocairo-1.0.so.0.2903.0
7f7b139c4000-7f7b13df3000 r-xp 00000000 08:07 7741347                    /usr/lib/x86_64-linux-gnu/libgtk-x11-2.0.so.0.2400.6
7f7b13df3000-7f7b13ff3000 ---p 0042f000 08:07 7741347                    /usr/lib/x86_64-linux-gnu/libgtk-x11-2.0.so.0.2400.6
7f7b13ff3000-7f7b13ffa000 r--p 0042f000 08:07 7741347                    /usr/lib/x86_64-linux-gnu/libgtk-x11-2.0.so.0.2400.6
7f7b13ffa000-7f7b13ffe000 rw-p 00436000 08:07 7741347                    /usr/lib/x86_64-linux-gnu/libgtk-x11-2.0.so.0.2400.6
7f7b13ffe000-7f7b14000000 rw-p 00000000 00:00 0 
7f7b14000000-7f7b146d9000 rw-p 00000000 00:00 0 
7f7b146d9000-7f7b18000000 ---p 00000000 00:00 0 
7f7b18037000-7f7b180bd000 rw-p 00000000 00:00 0 
7f7b180bd000-7f7b1816a000 r-xp 00000000 08:07 7741323                    /usr/lib/x86_64-linux-gnu/libgdk-x11-2.0.so.0.2400.6
7f7b1816a000-7f7b18369000 ---p 000ad000 08:07 7741323                    /usr/lib/x86_64-linux-gnu/libgdk-x11-2.0.so.0.2400.6
7f7b18369000-7f7b1836d000 r--p 000ac000 08:07 7741323                    /usr/lib/x86_64-linux-gnu/libgdk-x11-2.0.so.0.2400.6
7f7b1836d000-7f7b1836f000 rw-p 000b0000 08:07 7741323                    /usr/lib/x86_64-linux-gnu/libgdk-x11-2.0.so.0.2400.6
7f7b1836f000-7f7b18374000 r-xp 00000000 08:07 7741243                    /usr/lib/x86_64-linux-gnu/libXfixes.so.3.1.0
7f7b18374000-7f7b18573000 ---p 00005000 08:07 7741243                    /usr/lib/x86_64-linux-gnu/libXfixes.so.3.1.0
7f7b18573000-7f7b18574000 r--p 00004000 08:07 7741243                    /usr/lib/x86_64-linux-gnu/libXfixes.so.3.1.0
7f7b18574000-7f7b18575000 rw-p 00005000 08:07 7741243                    /usr/lib/x86_64-linux-gnu/libXfixes.so.3.1.0
7f7b18575000-7f7b1857e000 r-xp 00000000 08:07 7741235                    /usr/lib/x86_64-linux-gnu/libXcursor.so.1.0.2
7f7b1857e000-7f7b1877d000 ---p 00009000 08:07 7741235                    /usr/lib/x86_64-linux-gnu/libXcursor.so.1.0.2
7f7b1877d000-7f7b1877e000 r--p 00008000 08:07 7741235                    /usr/lib/x86_64-linux-gnu/libXcursor.so.1.0.2
7f7b1877e000-7f7b1877f000 rw-p 00009000 08:07 7741235                    /usr/lib/x86_64-linux-gnu/libXcursor.so.1.0.2
7f7b1877f000-7f7b18780000 r--s 00000000 08:07 7868475                    /var/cache/fontconfig/c05880de57d1f5e948fdfacc138775d9-le64.cache-3
7f7b18780000-7f7b18789000 r--s 00000000 08:07 7868472                    /var/cache/fontconfig/945677eb7aeaf62f1d50efc3fb3ec7d8-le64.cache-3
7f7b18789000-7f7b1878b000 r--s 00000000 08:07 7868473                    /var/cache/fontconfig/99e8ed0e538f840c565b6ed5dad60d56-le64.cache-3
7f7b1878b000-7f7b1878e000 r--s 00000000 08:07 7868483                    /var/cache/fontconfig/e383d7ea5fbe662a33d9b44caf393297-le64.cache-3
7f7b1878e000-7f7b18792000 r--s 00000000 08:07 7868460                    /var/cache/fontconfig/2cd17615ca594fa2959ae173292e504c-le64.cache-3
7f7b18792000-7f7b18795000 r--s 00000000 08:07 7874145                    /var/cache/fontconfig/ea47318ec9849e1a71e80a5d69d13859-le64.cache-3
7f7b18795000-7f7b18797000 r--s 00000000 08:07 7874143                    /var/cache/fontconfig/e3fa16a14183b06aa45b3e009278fd14-le64.cache-3
7f7b18797000-7f7b18798000 r--s 00000000 08:07 7868484                    /var/cache/fontconfig/e7071f4a29fa870f4323321c154eba04-le64.cache-3
7f7b18798000-7f7b1879b000 r--s 00000000 08:07 7874020                    /var/cache/fontconfig/b5ea634b0fb353b8ea17632d1f9ef766-le64.cache-3
7f7b1879b000-7f7b187a0000 r--s 00000000 08:07 7868469                    /var/cache/fontconfig/6eb3985aa4124903f6ff08ba781cd364-le64.cache-3
7f7b187a0000-7f7b187a1000 r--s 00000000 08:07 7868464                    /var/cache/fontconfig/4c73fe0c47614734b17d736dbde7580a-le64.cache-3
7f7b187a1000-7f7b187a2000 r--s 00000000 08:07 7868457                    /var/cache/fontconfig/0d8c3b2ac0904cb8a57a757ad11a4a08-le64.cache-3
7f7b187a2000-7f7b187a3000 r--s 00000000 08:07 7868467                    /var/cache/fontconfig/6a53c69dea097a2d716e069445527da8-le64.cache-3
7f7b187a3000-7f7b187a9000 r--s 00000000 08:07 7868474                    /var/cache/fontconfig/a755afe4a08bf5b97852ceb7400b47bc-le64.cache-3
7f7b187a9000-7f7b187b2000 r--s 00000000 08:07 7872900                    /var/cache/fontconfig/6d41288fd70b0be22e8c3a91e032eec0-le64.cache-3
7f7b187b2000-7f7b187c2000 r--s 00000000 08:07 7868458                    /var/cache/fontconfig/0f34bcd4b6ee430af32735b75db7f02b-le64.cache-3
7f7b187c2000-7f7b187c5000 r--s 00000000 08:07 7868480                    /var/cache/fontconfig/d60319d88cac85ba9e1a07bd06cfbb8c-le64.cache-3
7f7b187c5000-7f7b187c6000 r--s 00000000 08:07 7868546                    /var/cache/fontconfig/4794a0821666d79190d59a36cb4f44b5-le64.cache-3
7f7b187c6000-7f7b187f4000 r--s 00000000 08:07 7872284                    /var/cache/fontconfig/365b55f210c0a22e9a19e35191240f32-le64.cache-3
7f7b187f4000-7f7b18804000 r--s 00000000 08:07 7868479                    /var/cache/fontconfig/d52a8644073d54c13679302ca1180695-le64.cache-3
7f7b18804000-7f7b18807000 r--s 00000000 08:07 7872137                    /var/cache/fontconfig/e13b20fdb08344e0e664864cc2ede53d-le64.cache-3
7f7b18807000-7f7b18808000 r--s 00000000 08:07 7873347                    /var/cache/fontconfig/96ec67694f07e4d444a0877f3a1db852-le64.cache-3
7f7b18808000-7f7b1880a000 r--s 00000000 08:07 7873346                    /var/cache/fontconfig/2cbfdae18b635249c3b80db595f4d8f0-le64.cache-3
7f7b1880a000-7f7b18818000 r--s 00000000 08:07 7873345                    /var/cache/fontconfig/bc54e578733efe96a6c65c73e96b4e0b-le64.cache-3
7f7b18818000-7f7b1881c000 r--s 00000000 08:07 7873344                    /var/cache/fontconfig/1c0a88db7606d722e207873623e4d111-le64.cache-3
7f7b1881c000-7f7b18829000 r--s 00000000 08:07 7873343                    /var/cache/fontconfig/d382b2a2a6f4d6d3bb2a064050195d5a-le64.cache-3
7f7b18829000-7f7b1882b000 r--s 00000000 08:07 7873342                    /var/cache/fontconfig/a6ec9db6b63d464aafa8e7c0b49df0cf-le64.cache-3
7f7b1882b000-7f7b18831000 r--s 00000000 08:07 7873341                    /var/cache/fontconfig/f8aa32b531a43f7c5bdd7cb65be487ce-le64.cache-3
7f7b18831000-7f7b18833000 r--s 00000000 08:07 7873340                    /var/cache/fontconfig/04e6febddc5a474cc90c0cdd4968de8a-le64.cache-3
7f7b18833000-7f7b18840000 r--s 00000000 08:07 7873339                    /var/cache/fontconfig/6cbc3842be4e1cc07a4cb86bf80f9309-le64.cache-3
7f7b18840000-7f7b18846000 r--s 00000000 08:07 7873338                    /var/cache/fontconfig/de6cf560c5a3e72b6b4cb00fa2a9b707-le64.cache-3
7f7b18846000-7f7b1884b000 r--s 00000000 08:07 7873337                    /var/cache/fontconfig/f81721e7c5e3848e33f8f98dd20b6b1d-le64.cache-3
7f7b1884b000-7f7b1884c000 r--s 00000000 08:07 7873336                    /var/cache/fontconfig/e4e854e19093b3a10d48c1d28c821416-le64.cache-3
7f7b1884c000-7f7b1884d000 r--s 00000000 08:07 7873335                    /var/cache/fontconfig/5941099d344f2846701350b7a073370f-le64.cache-3
7f7b1884d000-7f7b18853000 r--s 00000000 08:07 7873334                    /var/cache/fontconfig/1bb779988dd113829cac3881d8b6fc0e-le64.cache-3
7f7b18861000-7f7b18864000 r--s 00013000 08:05 14663                      /media/DATA/_guillermo/desarrollo/PFC/_jar/batik-1.7/lib/batik-transcoder.jar
7f7b18864000-7f7b18866000 r--s 0000f000 08:05 14656                      /media/DATA/_guillermo/desarrollo/PFC/_jar/batik-1.7/lib/batik-anim.jar
7f7b18866000-7f7b188bd000 r--p 00000000 08:07 8651620                    /usr/share/fonts/truetype/ubuntu-font-family/Ubuntu-R.ttf
7f7b188bd000-7f7b188be000 r--s 00000000 08:07 7868475                    /var/cache/fontconfig/c05880de57d1f5e948fdfacc138775d9-le64.cache-3
7f7b188be000-7f7b188c7000 r--s 00000000 08:07 7868472                    /var/cache/fontconfig/945677eb7aeaf62f1d50efc3fb3ec7d8-le64.cache-3
7f7b188c7000-7f7b188c9000 r--s 00000000 08:07 7868473                    /var/cache/fontconfig/99e8ed0e538f840c565b6ed5dad60d56-le64.cache-3
7f7b188c9000-7f7b188cc000 r--s 00000000 08:07 7868483                    /var/cache/fontconfig/e383d7ea5fbe662a33d9b44caf393297-le64.cache-3
7f7b188cc000-7f7b188d0000 r--s 00000000 08:07 7868460                    /var/cache/fontconfig/2cd17615ca594fa2959ae173292e504c-le64.cache-3
7f7b188d0000-7f7b188d3000 r--s 00000000 08:07 7874145                    /var/cache/fontconfig/ea47318ec9849e1a71e80a5d69d13859-le64.cache-3
7f7b188d3000-7f7b188d5000 r--s 00000000 08:07 7874143                    /var/cache/fontconfig/e3fa16a14183b06aa45b3e009278fd14-le64.cache-3
7f7b188d5000-7f7b188d6000 r--s 00000000 08:07 7868484                    /var/cache/fontconfig/e7071f4a29fa870f4323321c154eba04-le64.cache-3
7f7b188d6000-7f7b188d9000 r--s 00000000 08:07 7874020                    /var/cache/fontconfig/b5ea634b0fb353b8ea17632d1f9ef766-le64.cache-3
7f7b188d9000-7f7b188de000 r--s 00000000 08:07 7868469                    /var/cache/fontconfig/6eb3985aa4124903f6ff08ba781cd364-le64.cache-3
7f7b188de000-7f7b188df000 r--s 00000000 08:07 7868464                    /var/cache/fontconfig/4c73fe0c47614734b17d736dbde7580a-le64.cache-3
7f7b188df000-7f7b188e0000 r--s 00000000 08:07 7868457                    /var/cache/fontconfig/0d8c3b2ac0904cb8a57a757ad11a4a08-le64.cache-3
7f7b188e0000-7f7b188e1000 r--s 00000000 08:07 7868467                    /var/cache/fontconfig/6a53c69dea097a2d716e069445527da8-le64.cache-3
7f7b188e1000-7f7b188e7000 r--s 00000000 08:07 7868474                    /var/cache/fontconfig/a755afe4a08bf5b97852ceb7400b47bc-le64.cache-3
7f7b188e7000-7f7b188f0000 r--s 00000000 08:07 7872900                    /var/cache/fontconfig/6d41288fd70b0be22e8c3a91e032eec0-le64.cache-3
7f7b188f0000-7f7b18900000 r--s 00000000 08:07 7868458                    /var/cache/fontconfig/0f34bcd4b6ee430af32735b75db7f02b-le64.cache-3
7f7b18900000-7f7b18903000 r--s 00000000 08:07 7868480                    /var/cache/fontconfig/d60319d88cac85ba9e1a07bd06cfbb8c-le64.cache-3
7f7b18903000-7f7b18904000 r--s 00000000 08:07 7868546                    /var/cache/fontconfig/4794a0821666d79190d59a36cb4f44b5-le64.cache-3
7f7b18904000-7f7b18932000 r--s 00000000 08:07 7872284                    /var/cache/fontconfig/365b55f210c0a22e9a19e35191240f32-le64.cache-3
7f7b18932000-7f7b18942000 r--s 00000000 08:07 7868479                    /var/cache/fontconfig/d52a8644073d54c13679302ca1180695-le64.cache-3
7f7b18942000-7f7b18945000 r--s 00000000 08:07 7872137                    /var/cache/fontconfig/e13b20fdb08344e0e664864cc2ede53d-le64.cache-3
7f7b18945000-7f7b18946000 r--s 00000000 08:07 7873347                    /var/cache/fontconfig/96ec67694f07e4d444a0877f3a1db852-le64.cache-3
7f7b18946000-7f7b18948000 r--s 00000000 08:07 7873346                    /var/cache/fontconfig/2cbfdae18b635249c3b80db595f4d8f0-le64.cache-3
7f7b18948000-7f7b18956000 r--s 00000000 08:07 7873345                    /var/cache/fontconfig/bc54e578733efe96a6c65c73e96b4e0b-le64.cache-3
7f7b18956000-7f7b1895a000 r--s 00000000 08:07 7873344                    /var/cache/fontconfig/1c0a88db7606d722e207873623e4d111-le64.cache-3
7f7b1895a000-7f7b18967000 r--s 00000000 08:07 7873343                    /var/cache/fontconfig/d382b2a2a6f4d6d3bb2a064050195d5a-le64.cache-3
7f7b18967000-7f7b18969000 r--s 00000000 08:07 7873342                    /var/cache/fontconfig/a6ec9db6b63d464aafa8e7c0b49df0cf-le64.cache-3
7f7b18969000-7f7b1896f000 r--s 00000000 08:07 7873341                    /var/cache/fontconfig/f8aa32b531a43f7c5bdd7cb65be487ce-le64.cache-3
7f7b1896f000-7f7b18971000 r--s 00000000 08:07 7873340                    /var/cache/fontconfig/04e6febddc5a474cc90c0cdd4968de8a-le64.cache-3
7f7b18971000-7f7b1897e000 r--s 00000000 08:07 7873339                    /var/cache/fontconfig/6cbc3842be4e1cc07a4cb86bf80f9309-le64.cache-3
7f7b1897e000-7f7b18984000 r--s 00000000 08:07 7873338                    /var/cache/fontconfig/de6cf560c5a3e72b6b4cb00fa2a9b707-le64.cache-3
7f7b18984000-7f7b18989000 r--s 00000000 08:07 7873337                    /var/cache/fontconfig/f81721e7c5e3848e33f8f98dd20b6b1d-le64.cache-3
7f7b18989000-7f7b1898a000 r--s 00000000 08:07 7873336                    /var/cache/fontconfig/e4e854e19093b3a10d48c1d28c821416-le64.cache-3
7f7b1898a000-7f7b1898b000 r--s 00000000 08:07 7868475                    /var/cache/fontconfig/c05880de57d1f5e948fdfacc138775d9-le64.cache-3
7f7b1898b000-7f7b18994000 r--s 00000000 08:07 7868472                    /var/cache/fontconfig/945677eb7aeaf62f1d50efc3fb3ec7d8-le64.cache-3
7f7b18994000-7f7b18996000 r--s 00000000 08:07 7868473                    /var/cache/fontconfig/99e8ed0e538f840c565b6ed5dad60d56-le64.cache-3
7f7b18996000-7f7b18999000 r--s 00000000 08:07 7868483                    /var/cache/fontconfig/e383d7ea5fbe662a33d9b44caf393297-le64.cache-3
7f7b18999000-7f7b1899d000 r--s 00000000 08:07 7868460                    /var/cache/fontconfig/2cd17615ca594fa2959ae173292e504c-le64.cache-3
7f7b1899d000-7f7b189a0000 r--s 00000000 08:07 7874145                    /var/cache/fontconfig/ea47318ec9849e1a71e80a5d69d13859-le64.cache-3
7f7b189a0000-7f7b189a2000 r--s 00000000 08:07 7874143                    /var/cache/fontconfig/e3fa16a14183b06aa45b3e009278fd14-le64.cache-3
7f7b189a2000-7f7b189a3000 r--s 00000000 08:07 7868484                    /var/cache/fontconfig/e7071f4a29fa870f4323321c154eba04-le64.cache-3
7f7b189a3000-7f7b189a6000 r--s 00000000 08:07 7874020                    /var/cache/fontconfig/b5ea634b0fb353b8ea17632d1f9ef766-le64.cache-3
7f7b189a6000-7f7b189ab000 r--s 00000000 08:07 7868469                    /var/cache/fontconfig/6eb3985aa4124903f6ff08ba781cd364-le64.cache-3
7f7b189ab000-7f7b189ac000 r--s 00000000 08:07 7868464                    /var/cache/fontconfig/4c73fe0c47614734b17d736dbde7580a-le64.cache-3
7f7b189ac000-7f7b189ad000 r--s 00000000 08:07 7868457                    /var/cache/fontconfig/0d8c3b2ac0904cb8a57a757ad11a4a08-le64.cache-3
7f7b189ad000-7f7b189b3000 r--s 00000000 08:07 7868474                    /var/cache/fontconfig/a755afe4a08bf5b97852ceb7400b47bc-le64.cache-3
7f7b189b3000-7f7b189bc000 r--s 00000000 08:07 7872900                    /var/cache/fontconfig/6d41288fd70b0be22e8c3a91e032eec0-le64.cache-3
7f7b189bc000-7f7b189cc000 r--s 00000000 08:07 7868458                    /var/cache/fontconfig/0f34bcd4b6ee430af32735b75db7f02b-le64.cache-3
7f7b189cc000-7f7b189cf000 r--s 00000000 08:07 7868480                    /var/cache/fontconfig/d60319d88cac85ba9e1a07bd06cfbb8c-le64.cache-3
7f7b189cf000-7f7b189fd000 r--s 00000000 08:07 7872284                    /var/cache/fontconfig/365b55f210c0a22e9a19e35191240f32-le64.cache-3
7f7b189fd000-7f7b18a0d000 r--s 00000000 08:07 7868479                    /var/cache/fontconfig/d52a8644073d54c13679302ca1180695-le64.cache-3
7f7b18a0d000-7f7b18a10000 r--s 00000000 08:07 7872137                    /var/cache/fontconfig/e13b20fdb08344e0e664864cc2ede53d-le64.cache-3
7f7b18a10000-7f7b18a12000 r--s 00000000 08:07 7873346                    /var/cache/fontconfig/2cbfdae18b635249c3b80db595f4d8f0-le64.cache-3
7f7b18a12000-7f7b18a20000 r--s 00000000 08:07 7873345                    /var/cache/fontconfig/bc54e578733efe96a6c65c73e96b4e0b-le64.cache-3
7f7b18a20000-7f7b18a24000 r--s 00000000 08:07 7873344                    /var/cache/fontconfig/1c0a88db7606d722e207873623e4d111-le64.cache-3
7f7b18a24000-7f7b18a31000 r--s 00000000 08:07 7873343                    /var/cache/fontconfig/d382b2a2a6f4d6d3bb2a064050195d5a-le64.cache-3
7f7b18a31000-7f7b18a33000 r--s 00000000 08:07 7873342                    /var/cache/fontconfig/a6ec9db6b63d464aafa8e7c0b49df0cf-le64.cache-3
7f7b18a33000-7f7b18a39000 r--s 00000000 08:07 7873341                    /var/cache/fontconfig/f8aa32b531a43f7c5bdd7cb65be487ce-le64.cache-3
7f7b18a39000-7f7b18a3b000 r--s 00000000 08:07 7873340                    /var/cache/fontconfig/04e6febddc5a474cc90c0cdd4968de8a-le64.cache-3
7f7b18a3b000-7f7b18a48000 r--s 00000000 08:07 7873339                    /var/cache/fontconfig/6cbc3842be4e1cc07a4cb86bf80f9309-le64.cache-3
7f7b18a48000-7f7b18a4e000 r--s 00000000 08:07 7873338                    /var/cache/fontconfig/de6cf560c5a3e72b6b4cb00fa2a9b707-le64.cache-3
7f7b18a4e000-7f7b18a53000 r--s 00000000 08:07 7873337                    /var/cache/fontconfig/f81721e7c5e3848e33f8f98dd20b6b1d-le64.cache-3
7f7b18a53000-7f7b18a54000 r--s 00000000 08:07 7873335                    /var/cache/fontconfig/5941099d344f2846701350b7a073370f-le64.cache-3
7f7b18a54000-7f7b18a5a000 r--s 00000000 08:07 7873334                    /var/cache/fontconfig/1bb779988dd113829cac3881d8b6fc0e-le64.cache-3
7f7b18a5a000-7f7b18a5d000 r--s 00000000 08:07 7873333                    /var/cache/fontconfig/bc761b427017654ffbe9186c87039273-le64.cache-3
7f7b18a5d000-7f7b18a60000 r--s 00000000 08:07 7868050                    /var/cache/fontconfig/cc95ca9c1a5b584cbe1206592da775ec-le64.cache-3
7f7b18a60000-7f7b18a62000 r--s 00000000 08:07 7873331                    /var/cache/fontconfig/043b929c992230c150c6c53f31e6b3fa-le64.cache-3
7f7b18a62000-7f7b18a6c000 r--s 00000000 08:07 7873330                    /var/cache/fontconfig/a6912409548b9a06a240b05cb2414bc9-le64.cache-3
7f7b18a6c000-7f7b18a6f000 r--s 00000000 08:07 7873328                    /var/cache/fontconfig/e0ed30af56c2fadbc3008fe08b74a030-le64.cache-3
7f7b18a6f000-7f7b18a7b000 r--s 00000000 08:07 7872274                    /var/cache/fontconfig/dab3903aad7906cab9c36491b8b20988-le64.cache-3
7f7b18a7b000-7f7b18a7f000 r--s 00000000 08:07 7867621                    /var/cache/fontconfig/7ef2298fde41cc6eeb7af42e48b7d293-le64.cache-3
7f7b18a7f000-7f7b18a80000 r--p 00000000 00:00 0 
7f7b18a80000-7f7b18a83000 ---p 00000000 00:00 0 
7f7b18a83000-7f7b18b81000 rw-p 00000000 00:00 0 
7f7b18b81000-7f7b18b84000 ---p 00000000 00:00 0 
7f7b18b84000-7f7b18c82000 rw-p 00000000 00:00 0 
7f7b18c82000-7f7b18c89000 r--s 000fb000 08:07 8913653                    /usr/lib/jvm/java-6-openjdk/jre/lib/resources.jar
7f7b18c89000-7f7b18c8a000 r--s 00000000 08:07 7868467                    /var/cache/fontconfig/6a53c69dea097a2d716e069445527da8-le64.cache-3
7f7b18c8a000-7f7b18c8b000 r--s 00000000 08:07 7873336                    /var/cache/fontconfig/e4e854e19093b3a10d48c1d28c821416-le64.cache-3
7f7b18c8b000-7f7b18c8c000 r--s 00000000 08:07 7873335                    /var/cache/fontconfig/5941099d344f2846701350b7a073370f-le64.cache-3
7f7b18c8c000-7f7b18c92000 r--s 00000000 08:07 7873334                    /var/cache/fontconfig/1bb779988dd113829cac3881d8b6fc0e-le64.cache-3
7f7b18c92000-7f7b18c95000 r--s 00000000 08:07 7873333                    /var/cache/fontconfig/bc761b427017654ffbe9186c87039273-le64.cache-3
7f7b18c95000-7f7b18c98000 r--s 00000000 08:07 7868050                    /var/cache/fontconfig/cc95ca9c1a5b584cbe1206592da775ec-le64.cache-3
7f7b18c98000-7f7b18c9a000 r--s 00000000 08:07 7873331                    /var/cache/fontconfig/043b929c992230c150c6c53f31e6b3fa-le64.cache-3
7f7b18c9a000-7f7b18ca4000 r--s 00000000 08:07 7873330                    /var/cache/fontconfig/a6912409548b9a06a240b05cb2414bc9-le64.cache-3
7f7b18ca4000-7f7b18ca7000 r--s 00000000 08:07 7873328                    /var/cache/fontconfig/e0ed30af56c2fadbc3008fe08b74a030-le64.cache-3
7f7b18ca7000-7f7b18cb3000 r--s 00000000 08:07 7872274                    /var/cache/fontconfig/dab3903aad7906cab9c36491b8b20988-le64.cache-3
7f7b18cb3000-7f7b18cb6000 ---p 00000000 00:00 0 
7f7b18cb6000-7f7b18db4000 rw-p 00000000 00:00 0 
7f7b18db4000-7f7b18e46000 r-xp 00000000 08:07 7736067                    /usr/lib/x86_64-linux-gnu/libfreetype.so.6.6.2
7f7b18e46000-7f7b19045000 ---p 00092000 08:07 7736067                    /usr/lib/x86_64-linux-gnu/libfreetype.so.6.6.2
7f7b19045000-7f7b1904b000 r--p 00091000 08:07 7736067                    /usr/lib/x86_64-linux-gnu/libfreetype.so.6.6.2
7f7b1904b000-7f7b1904c000 rw-p 00097000 08:07 7736067                    /usr/lib/x86_64-linux-gnu/libfreetype.so.6.6.2
7f7b1904c000-7f7b19085000 r-xp 00000000 08:07 8913717                    /usr/lib/jvm/java-6-openjdk/jre/lib/amd64/libfontmanager.so
7f7b19085000-7f7b19285000 ---p 00039000 08:07 8913717                    /usr/lib/jvm/java-6-openjdk/jre/lib/amd64/libfontmanager.so
7f7b19285000-7f7b19287000 r--p 00039000 08:07 8913717                    /usr/lib/jvm/java-6-openjdk/jre/lib/amd64/libfontmanager.so
7f7b19287000-7f7b19288000 rw-p 0003b000 08:07 8913717                    /usr/lib/jvm/java-6-openjdk/jre/lib/amd64/libfontmanager.so
7f7b19288000-7f7b1928d000 r-xp 00000000 08:07 7741239                    /usr/lib/x86_64-linux-gnu/libXdmcp.so.6.0.0
7f7b1928d000-7f7b1948c000 ---p 00005000 08:07 7741239                    /usr/lib/x86_64-linux-gnu/libXdmcp.so.6.0.0
7f7b1948c000-7f7b1948d000 r--p 00004000 08:07 7741239                    /usr/lib/x86_64-linux-gnu/libXdmcp.so.6.0.0
7f7b1948d000-7f7b1948e000 rw-p 00005000 08:07 7741239                    /usr/lib/x86_64-linux-gnu/libXdmcp.so.6.0.0
7f7b1948e000-7f7b19490000 r-xp 00000000 08:07 7741231                    /usr/lib/x86_64-linux-gnu/libXau.so.6.0.0
7f7b19490000-7f7b1968f000 ---p 00002000 08:07 7741231                    /usr/lib/x86_64-linux-gnu/libXau.so.6.0.0
7f7b1968f000-7f7b19690000 r--p 00001000 08:07 7741231                    /usr/lib/x86_64-linux-gnu/libXau.so.6.0.0
7f7b19690000-7f7b19691000 rw-p 00002000 08:07 7741231                    /usr/lib/x86_64-linux-gnu/libXau.so.6.0.0
7f7b19691000-7f7b196ac000 r-xp 00000000 08:07 7741476                    /usr/lib/x86_64-linux-gnu/libxcb.so.1.1.0
7f7b196ac000-7f7b198ab000 ---p 0001b000 08:07 7741476                    /usr/lib/x86_64-linux-gnu/libxcb.so.1.1.0
7f7b198ab000-7f7b198ac000 r--p 0001a000 08:07 7741476                    /usr/lib/x86_64-linux-gnu/libxcb.so.1.1.0
7f7b198ac000-7f7b198ad000 rw-p 0001b000 08:07 7741476                    /usr/lib/x86_64-linux-gnu/libxcb.so.1.1.0
7f7b198ad000-7f7b198bc000 r-xp 00000000 08:07 7741247                    /usr/lib/x86_64-linux-gnu/libXi.so.6.1.0
7f7b198bc000-7f7b19abb000 ---p 0000f000 08:07 7741247                    /usr/lib/x86_64-linux-gnu/libXi.so.6.1.0
7f7b19abb000-7f7b19abc000 r--p 0000e000 08:07 7741247                    /usr/lib/x86_64-linux-gnu/libXi.so.6.1.0
7f7b19abc000-7f7b19abd000 rw-p 0000f000 08:07 7741247                    /usr/lib/x86_64-linux-gnu/libXi.so.6.1.0
7f7b19abd000-7f7b19ac2000 r-xp 00000000 08:07 7734824                    /usr/lib/libXtst.so.6.1.0
7f7b19ac2000-7f7b19cc1000 ---p 00005000 08:07 7734824                    /usr/lib/libXtst.so.6.1.0
7f7b19cc1000-7f7b19cc2000 r--p 00004000 08:07 7734824                    /usr/lib/libXtst.so.6.1.0
7f7b19cc2000-7f7b19cc3000 rw-p 00005000 08:07 7734824                    /usr/lib/libXtst.so.6.1.0
7f7b19cc3000-7f7b19ccc000 r-xp 00000000 08:07 7741253                    /usr/lib/x86_64-linux-gnu/libXrender.so.1.3.0
7f7b19ccc000-7f7b19ecc000 ---p 00009000 08:07 7741253                    /usr/lib/x86_64-linux-gnu/libXrender.so.1.3.0
7f7b19ecc000-7f7b19ecd000 r--p 00009000 08:07 7741253                    /usr/lib/x86_64-linux-gnu/libXrender.so.1.3.0
7f7b19ecd000-7f7b19ece000 rw-p 0000a000 08:07 7741253                    /usr/lib/x86_64-linux-gnu/libXrender.so.1.3.0
7f7b19ece000-7f7b1a001000 r-xp 00000000 08:07 7741229                    /usr/lib/x86_64-linux-gnu/libX11.so.6.3.0
7f7b1a001000-7f7b1a201000 ---p 00133000 08:07 7741229                    /usr/lib/x86_64-linux-gnu/libX11.so.6.3.0
7f7b1a201000-7f7b1a202000 r--p 00133000 08:07 7741229                    /usr/lib/x86_64-linux-gnu/libX11.so.6.3.0
7f7b1a202000-7f7b1a206000 rw-p 00134000 08:07 7741229                    /usr/lib/x86_64-linux-gnu/libX11.so.6.3.0
7f7b1a206000-7f7b1a218000 r-xp 00000000 08:07 7741241                    /usr/lib/x86_64-linux-gnu/libXext.so.6.4.0
7f7b1a218000-7f7b1a417000 ---p 00012000 08:07 7741241                    /usr/lib/x86_64-linux-gnu/libXext.so.6.4.0
7f7b1a417000-7f7b1a418000 r--p 00011000 08:07 7741241                    /usr/lib/x86_64-linux-gnu/libXext.so.6.4.0
7f7b1a418000-7f7b1a419000 rw-p 00012000 08:07 7741241                    /usr/lib/x86_64-linux-gnu/libXext.so.6.4.0
7f7b1a419000-7f7b1a41a000 r--s 00000000 08:07 7868546                    /var/cache/fontconfig/4794a0821666d79190d59a36cb4f44b5-le64.cache-3
7f7b1a41a000-7f7b1a41e000 r--s 00000000 08:07 7867621                    /var/cache/fontconfig/7ef2298fde41cc6eeb7af42e48b7d293-le64.cache-3
7f7b1a41e000-7f7b1a421000 r--s 00000000 08:07 7873333                    /var/cache/fontconfig/bc761b427017654ffbe9186c87039273-le64.cache-3
7f7b1a421000-7f7b1a424000 r--s 00000000 08:07 7868050                    /var/cache/fontconfig/cc95ca9c1a5b584cbe1206592da775ec-le64.cache-3
7f7b1a424000-7f7b1a426000 r--s 00000000 08:07 7873331                    /var/cache/fontconfig/043b929c992230c150c6c53f31e6b3fa-le64.cache-3
7f7b1a426000-7f7b1a430000 r--s 00000000 08:07 7873330                    /var/cache/fontconfig/a6912409548b9a06a240b05cb2414bc9-le64.cache-3
7f7b1a430000-7f7b1a433000 r--s 00000000 08:07 7873328                    /var/cache/fontconfig/e0ed30af56c2fadbc3008fe08b74a030-le64.cache-3
7f7b1a433000-7f7b1a43f000 r--s 00000000 08:07 7872274                    /var/cache/fontconfig/dab3903aad7906cab9c36491b8b20988-le64.cache-3
7f7b1a43f000-7f7b1a443000 r--s 00000000 08:07 7867621                    /var/cache/fontconfig/7ef2298fde41cc6eeb7af42e48b7d293-le64.cache-3
7f7b1a443000-7f7b1a48e000 r-xp 00000000 08:07 9186486                    /usr/lib/jvm/java-6-openjdk/jre/lib/amd64/xawt/libmawt.so
7f7b1a48e000-7f7b1a68e000 ---p 0004b000 08:07 9186486                    /usr/lib/jvm/java-6-openjdk/jre/lib/amd64/xawt/libmawt.so
7f7b1a68e000-7f7b1a68f000 r--p 0004b000 08:07 9186486                    /usr/lib/jvm/java-6-openjdk/jre/lib/amd64/xawt/libmawt.so
7f7b1a68f000-7f7b1a692000 rw-p 0004c000 08:07 9186486                    /usr/lib/jvm/java-6-openjdk/jre/lib/amd64/xawt/libmawt.so
7f7b1a692000-7f7b1a693000 rw-p 00000000 00:00 0 
7f7b1a693000-7f7b1a73f000 r-xp 00000000 08:07 8913725                    /usr/lib/jvm/java-6-openjdk/jre/lib/amd64/libawt.so
7f7b1a73f000-7f7b1a93e000 ---p 000ac000 08:07 8913725                    /usr/lib/jvm/java-6-openjdk/jre/lib/amd64/libawt.so
7f7b1a93e000-7f7b1a93f000 r--p 000ab000 08:07 8913725                    /usr/lib/jvm/java-6-openjdk/jre/lib/amd64/libawt.so
7f7b1a93f000-7f7b1a94a000 rw-p 000ac000 08:07 8913725                    /usr/lib/jvm/java-6-openjdk/jre/lib/amd64/libawt.so
7f7b1a94a000-7f7b1a96f000 rw-p 00000000 00:00 0 
7f7b1a96f000-7f7b1a972000 r--s 0007d000 08:07 8913619                    /usr/lib/jvm/java-6-openjdk/jre/lib/jsse.jar
7f7b1a972000-7f7b1a978000 r--s 00020000 08:05 14687                      /media/DATA/_guillermo/desarrollo/PFC/_jar/batik-1.7/lib/batik-swing.jar
7f7b1a978000-7f7b1a982000 r--s 0005d000 08:05 14683                      /media/DATA/_guillermo/desarrollo/PFC/_jar/batik-1.7/lib/batik-bridge.jar
7f7b1a982000-7f7b1a985000 r--s 0000a000 08:05 14673                      /media/DATA/_guillermo/desarrollo/PFC/_jar/batik-1.7/lib/batik-script.jar
7f7b1a985000-7f7b1a988000 r--s 0000b000 08:05 14674                      /media/DATA/_guillermo/desarrollo/PFC/_jar/batik-1.7/lib/batik-parser.jar
7f7b1a988000-7f7b1a989000 ---p 00000000 00:00 0 
7f7b1a989000-7f7b1aa89000 rw-p 00000000 00:00 0 
7f7b1aa89000-7f7b1aa8c000 ---p 00000000 00:00 0 
7f7b1aa8c000-7f7b1ab8a000 rw-p 00000000 00:00 0 
7f7b1ab8a000-7f7b1ab8d000 ---p 00000000 00:00 0 
7f7b1ab8d000-7f7b1ac8b000 rw-p 00000000 00:00 0 
7f7b1ac8b000-7f7b1ac8e000 ---p 00000000 00:00 0 
7f7b1ac8e000-7f7b1ad8c000 rw-p 00000000 00:00 0 
7f7b1ad8c000-7f7b1ad8f000 ---p 00000000 00:00 0 
7f7b1ad8f000-7f7b1ae8d000 rw-p 00000000 00:00 0 
7f7b1ae8d000-7f7b1ae90000 ---p 00000000 00:00 0 
7f7b1ae90000-7f7b1af8e000 rw-p 00000000 00:00 0 
7f7b1af8e000-7f7b1af91000 ---p 00000000 00:00 0 
7f7b1af91000-7f7b1b08f000 rw-p 00000000 00:00 0 
7f7b1b08f000-7f7b1b093000 r-xp 00000000 08:07 8913661                    /usr/lib/jvm/java-6-openjdk/jre/lib/amd64/libdt_socket.so
7f7b1b093000-7f7b1b292000 ---p 00004000 08:07 8913661                    /usr/lib/jvm/java-6-openjdk/jre/lib/amd64/libdt_socket.so
7f7b1b292000-7f7b1b293000 r--p 00003000 08:07 8913661                    /usr/lib/jvm/java-6-openjdk/jre/lib/amd64/libdt_socket.so
7f7b1b293000-7f7b1b294000 rw-p 00004000 08:07 8913661                    /usr/lib/jvm/java-6-openjdk/jre/lib/amd64/libdt_socket.so
7f7b1b294000-7f7b1b297000 ---p 00000000 00:00 0 
7f7b1b297000-7f7b1b395000 rw-p 00000000 00:00 0 
7f7b1b395000-7f7b1b398000 ---p 00000000 00:00 0 
7f7b1b398000-7f7b1b496000 rw-p 00000000 00:00 0 
7f7b1b496000-7f7b1b499000 ---p 00000000 00:00 0 
7f7b1b499000-7f7b1b597000 rw-p 00000000 00:00 0 
7f7b1b597000-7f7b1b598000 ---p 00000000 00:00 0 
7f7b1b598000-7f7b1bbd0000 rw-p 00000000 00:00 0 
7f7b1bbd0000-7f7b1bd61000 r--s 037b8000 08:07 8913732                    /usr/lib/jvm/java-6-openjdk/jre/lib/rt.jar
7f7b1bd61000-7f7b1bd89000 rw-p 00000000 00:00 0 
7f7b1bd89000-7f7b1bd8a000 ---p 00000000 00:00 0 
7f7b1bd8a000-7f7b1be8a000 rw-p 00000000 00:00 0 
7f7b1be8a000-7f7b1be8b000 ---p 00000000 00:00 0 
7f7b1be8b000-7f7b1bf8b000 rw-p 00000000 00:00 0 
7f7b1bf8b000-7f7b1bf8c000 ---p 00000000 00:00 0 
7f7b1bf8c000-7f7b1c08c000 rw-p 00000000 00:00 0 
7f7b1c08c000-7f7b1c08d000 ---p 00000000 00:00 0 
7f7b1c08d000-7f7b1c198000 rw-p 00000000 00:00 0 
7f7b1c198000-7f7b1c1e0000 rw-p 00000000 00:00 0 
7f7b1c1e0000-7f7b1c1f5000 rw-p 00000000 00:00 0 
7f7b1c1f5000-7f7b1c2e0000 rw-p 00000000 00:00 0 
7f7b1c2e0000-7f7b1c2eb000 rw-p 00000000 00:00 0 
7f7b1c2eb000-7f7b1c333000 rw-p 00000000 00:00 0 
7f7b1c333000-7f7b1c348000 rw-p 00000000 00:00 0 
7f7b1c348000-7f7b1c433000 rw-p 00000000 00:00 0 
7f7b1c433000-7f7b1c43e000 rw-p 00000000 00:00 0 
7f7b1c43e000-7f7b1c4b3000 rw-p 00000000 00:00 0 
7f7b1c4b3000-7f7b1c4b4000 rw-p 00000000 00:00 0 
7f7b1c4b4000-7f7b1c724000 rwxp 00000000 00:00 0 
7f7b1c724000-7f7b1f4b4000 rw-p 00000000 00:00 0 
7f7b1f4b4000-7f7b1f4bb000 r-xp 00000000 08:07 8913721                    /usr/lib/jvm/java-6-openjdk/jre/lib/amd64/libzip.so
7f7b1f4bb000-7f7b1f6ba000 ---p 00007000 08:07 8913721                    /usr/lib/jvm/java-6-openjdk/jre/lib/amd64/libzip.so
7f7b1f6ba000-7f7b1f6bb000 r--p 00006000 08:07 8913721                    /usr/lib/jvm/java-6-openjdk/jre/lib/amd64/libzip.so
7f7b1f6bb000-7f7b1f6bc000 rw-p 00007000 08:07 8913721                    /usr/lib/jvm/java-6-openjdk/jre/lib/amd64/libzip.so
7f7b1f6bc000-7f7b1f6c8000 r-xp 00000000 08:07 2625224                    /lib/x86_64-linux-gnu/libnss_files-2.13.so
7f7b1f6c8000-7f7b1f8c7000 ---p 0000c000 08:07 2625224                    /lib/x86_64-linux-gnu/libnss_files-2.13.so
7f7b1f8c7000-7f7b1f8c8000 r--p 0000b000 08:07 2625224                    /lib/x86_64-linux-gnu/libnss_files-2.13.so
7f7b1f8c8000-7f7b1f8c9000 rw-p 0000c000 08:07 2625224                    /lib/x86_64-linux-gnu/libnss_files-2.13.so
7f7b1f8c9000-7f7b1f8d3000 r-xp 00000000 08:07 2625228                    /lib/x86_64-linux-gnu/libnss_nis-2.13.so
7f7b1f8d3000-7f7b1fad3000 ---p 0000a000 08:07 2625228                    /lib/x86_64-linux-gnu/libnss_nis-2.13.so
7f7b1fad3000-7f7b1fad4000 r--p 0000a000 08:07 2625228                    /lib/x86_64-linux-gnu/libnss_nis-2.13.so
7f7b1fad4000-7f7b1fad5000 rw-p 0000b000 08:07 2625228                    /lib/x86_64-linux-gnu/libnss_nis-2.13.so
7f7b1fad5000-7f7b1faec000 r-xp 00000000 08:07 2625218                    /lib/x86_64-linux-gnu/libnsl-2.13.so
7f7b1faec000-7f7b1fceb000 ---p 00017000 08:07 2625218                    /lib/x86_64-linux-gnu/libnsl-2.13.so
7f7b1fceb000-7f7b1fcec000 r--p 00016000 08:07 2625218                    /lib/x86_64-linux-gnu/libnsl-2.13.so
7f7b1fcec000-7f7b1fced000 rw-p 00017000 08:07 2625218                    /lib/x86_64-linux-gnu/libnsl-2.13.so
7f7b1fced000-7f7b1fcef000 rw-p 00000000 00:00 0 
7f7b1fcef000-7f7b1fcf7000 r-xp 00000000 08:07 2625220                    /lib/x86_64-linux-gnu/libnss_compat-2.13.so
7f7b1fcf7000-7f7b1fef6000 ---p 00008000 08:07 2625220                    /lib/x86_64-linux-gnu/libnss_compat-2.13.so
7f7b1fef6000-7f7b1fef7000 r--p 00007000 08:07 2625220                    /lib/x86_64-linux-gnu/libnss_compat-2.13.so
7f7b1fef7000-7f7b1fef8000 rw-p 00008000 08:07 2625220                    /lib/x86_64-linux-gnu/libnss_compat-2.13.so
7f7b1fef8000-7f7b201c1000 r--p 00000000 08:07 7739897                    /usr/lib/locale/locale-archive
7f7b201c1000-7f7b201c4000 r-xp 00000000 08:07 8913713                    /usr/lib/jvm/java-6-openjdk/jre/lib/amd64/libnpt.so
7f7b201c4000-7f7b203c3000 ---p 00003000 08:07 8913713                    /usr/lib/jvm/java-6-openjdk/jre/lib/amd64/libnpt.so
7f7b203c3000-7f7b203c4000 r--p 00002000 08:07 8913713                    /usr/lib/jvm/java-6-openjdk/jre/lib/amd64/libnpt.so
7f7b203c4000-7f7b203c5000 rw-p 00003000 08:07 8913713                    /usr/lib/jvm/java-6-openjdk/jre/lib/amd64/libnpt.so
7f7b203c5000-7f7b203ff000 r-xp 00000000 08:07 8913712                    /usr/lib/jvm/java-6-openjdk/jre/lib/amd64/libjdwp.so
7f7b203ff000-7f7b205fe000 ---p 0003a000 08:07 8913712                    /usr/lib/jvm/java-6-openjdk/jre/lib/amd64/libjdwp.so
7f7b205fe000-7f7b205ff000 r--p 00039000 08:07 8913712                    /usr/lib/jvm/java-6-openjdk/jre/lib/amd64/libjdwp.so
7f7b205ff000-7f7b20600000 rw-p 0003a000 08:07 8913712                    /usr/lib/jvm/java-6-openjdk/jre/lib/amd64/libjdwp.so
7f7b20600000-7f7b2062c000 r-xp 00000000 08:07 8913720                    /usr/lib/jvm/java-6-openjdk/jre/lib/amd64/libjava.so
7f7b2062c000-7f7b2082b000 ---p 0002c000 08:07 8913720                    /usr/lib/jvm/java-6-openjdk/jre/lib/amd64/libjava.so
7f7b2082b000-7f7b2082c000 r--p 0002b000 08:07 8913720                    /usr/lib/jvm/java-6-openjdk/jre/lib/amd64/libjava.so
7f7b2082c000-7f7b2082f000 rw-p 0002c000 08:07 8913720                    /usr/lib/jvm/java-6-openjdk/jre/lib/amd64/libjava.so
7f7b2082f000-7f7b2083d000 r-xp 00000000 08:07 8913706                    /usr/lib/jvm/java-6-openjdk/jre/lib/amd64/libverify.so
7f7b2083d000-7f7b20a3c000 ---p 0000e000 08:07 8913706                    /usr/lib/jvm/java-6-openjdk/jre/lib/amd64/libverify.so
7f7b20a3c000-7f7b20a3e000 r--p 0000d000 08:07 8913706                    /usr/lib/jvm/java-6-openjdk/jre/lib/amd64/libverify.so
7f7b20a3e000-7f7b20a3f000 rw-p 0000f000 08:07 8913706                    /usr/lib/jvm/java-6-openjdk/jre/lib/amd64/libverify.so
7f7b20a3f000-7f7b20a46000 r-xp 00000000 08:07 2625247                    /lib/x86_64-linux-gnu/librt-2.13.so
7f7b20a46000-7f7b20c45000 ---p 00007000 08:07 2625247                    /lib/x86_64-linux-gnu/librt-2.13.so
7f7b20c45000-7f7b20c46000 r--p 00006000 08:07 2625247                    /lib/x86_64-linux-gnu/librt-2.13.so
7f7b20c46000-7f7b20c47000 rw-p 00007000 08:07 2625247                    /lib/x86_64-linux-gnu/librt-2.13.so
7f7b20c47000-7f7b20c5c000 r-xp 00000000 08:07 2625204                    /lib/x86_64-linux-gnu/libgcc_s.so.1
7f7b20c5c000-7f7b20e5b000 ---p 00015000 08:07 2625204                    /lib/x86_64-linux-gnu/libgcc_s.so.1
7f7b20e5b000-7f7b20e5c000 r--p 00014000 08:07 2625204                    /lib/x86_64-linux-gnu/libgcc_s.so.1
7f7b20e5c000-7f7b20e5d000 rw-p 00015000 08:07 2625204                    /lib/x86_64-linux-gnu/libgcc_s.so.1
7f7b20e5d000-7f7b20ee0000 r-xp 00000000 08:07 2625213                    /lib/x86_64-linux-gnu/libm-2.13.so
7f7b20ee0000-7f7b210df000 ---p 00083000 08:07 2625213                    /lib/x86_64-linux-gnu/libm-2.13.so
7f7b210df000-7f7b210e0000 r--p 00082000 08:07 2625213                    /lib/x86_64-linux-gnu/libm-2.13.so
7f7b210e0000-7f7b210e1000 rw-p 00083000 08:07 2625213                    /lib/x86_64-linux-gnu/libm-2.13.so
7f7b210e1000-7f7b211c9000 r-xp 00000000 08:07 7741446                    /usr/lib/x86_64-linux-gnu/libstdc++.so.6.0.16
7f7b211c9000-7f7b213c9000 ---p 000e8000 08:07 7741446                    /usr/lib/x86_64-linux-gnu/libstdc++.so.6.0.16
7f7b213c9000-7f7b213d1000 r--p 000e8000 08:07 7741446                    /usr/lib/x86_64-linux-gnu/libstdc++.so.6.0.16
7f7b213d1000-7f7b213d3000 rw-p 000f0000 08:07 7741446                    /usr/lib/x86_64-linux-gnu/libstdc++.so.6.0.16
7f7b213d3000-7f7b213e8000 rw-p 00000000 00:00 0 
7f7b213e8000-7f7b21ceb000 r-xp 00000000 08:07 9181921                    /usr/lib/jvm/java-6-openjdk/jre/lib/amd64/server/libjvm.so
7f7b21ceb000-7f7b21eea000 ---p 00903000 08:07 9181921                    /usr/lib/jvm/java-6-openjdk/jre/lib/amd64/server/libjvm.so
7f7b21eea000-7f7b21f6b000 r--p 00902000 08:07 9181921                    /usr/lib/jvm/java-6-openjdk/jre/lib/amd64/server/libjvm.so
7f7b21f6b000-7f7b21f86000 rw-p 00983000 08:07 9181921                    /usr/lib/jvm/java-6-openjdk/jre/lib/amd64/server/libjvm.so
7f7b21f86000-7f7b21faf000 rw-p 00000000 00:00 0 
7f7b21faf000-7f7b21fc6000 r-xp 00000000 08:07 2625266                    /lib/x86_64-linux-gnu/libz.so.1.2.3.4
7f7b21fc6000-7f7b221c5000 ---p 00017000 08:07 2625266                    /lib/x86_64-linux-gnu/libz.so.1.2.3.4
7f7b221c5000-7f7b221c6000 r--p 00016000 08:07 2625266                    /lib/x86_64-linux-gnu/libz.so.1.2.3.4
7f7b221c6000-7f7b221c7000 rw-p 00017000 08:07 2625266                    /lib/x86_64-linux-gnu/libz.so.1.2.3.4
7f7b221c7000-7f7b2235c000 r-xp 00000000 08:07 2625183                    /lib/x86_64-linux-gnu/libc-2.13.so
7f7b2235c000-7f7b2255b000 ---p 00195000 08:07 2625183                    /lib/x86_64-linux-gnu/libc-2.13.so
7f7b2255b000-7f7b2255f000 r--p 00194000 08:07 2625183                    /lib/x86_64-linux-gnu/libc-2.13.so
7f7b2255f000-7f7b22560000 rw-p 00198000 08:07 2625183                    /lib/x86_64-linux-gnu/libc-2.13.so
7f7b22560000-7f7b22566000 rw-p 00000000 00:00 0 
7f7b22566000-7f7b22568000 r-xp 00000000 08:07 2625194                    /lib/x86_64-linux-gnu/libdl-2.13.so
7f7b22568000-7f7b22768000 ---p 00002000 08:07 2625194                    /lib/x86_64-linux-gnu/libdl-2.13.so
7f7b22768000-7f7b22769000 r--p 00002000 08:07 2625194                    /lib/x86_64-linux-gnu/libdl-2.13.so
7f7b22769000-7f7b2276a000 rw-p 00003000 08:07 2625194                    /lib/x86_64-linux-gnu/libdl-2.13.so
7f7b2276a000-7f7b2276e000 r-xp 00000000 08:07 9048886                    /usr/lib/jvm/java-6-openjdk/jre/lib/amd64/jli/libjli.so
7f7b2276e000-7f7b2296d000 ---p 00004000 08:07 9048886                    /usr/lib/jvm/java-6-openjdk/jre/lib/amd64/jli/libjli.so
7f7b2296d000-7f7b2296e000 r--p 00003000 08:07 9048886                    /usr/lib/jvm/java-6-openjdk/jre/lib/amd64/jli/libjli.so
7f7b2296e000-7f7b2296f000 rw-p 00004000 08:07 9048886                    /usr/lib/jvm/java-6-openjdk/jre/lib/amd64/jli/libjli.so
7f7b2296f000-7f7b22987000 r-xp 00000000 08:07 2625243                    /lib/x86_64-linux-gnu/libpthread-2.13.so
7f7b22987000-7f7b22b86000 ---p 00018000 08:07 2625243                    /lib/x86_64-linux-gnu/libpthread-2.13.so
7f7b22b86000-7f7b22b87000 r--p 00017000 08:07 2625243                    /lib/x86_64-linux-gnu/libpthread-2.13.so
7f7b22b87000-7f7b22b88000 rw-p 00018000 08:07 2625243                    /lib/x86_64-linux-gnu/libpthread-2.13.so
7f7b22b88000-7f7b22b8c000 rw-p 00000000 00:00 0 
7f7b22b8c000-7f7b22bad000 r-xp 00000000 08:07 2625170                    /lib/x86_64-linux-gnu/ld-2.13.so
7f7b22bad000-7f7b22bba000 r--s 00070000 08:05 14657                      /media/DATA/_guillermo/desarrollo/PFC/_jar/batik-1.7/lib/batik-svg-dom.jar
7f7b22bba000-7f7b22bc4000 rw-p 00000000 00:00 0 
7f7b22bc4000-7f7b22c7a000 rw-p 00000000 00:00 0 
7f7b22c7a000-7f7b22c7d000 ---p 00000000 00:00 0 
7f7b22c7d000-7f7b22d80000 rw-p 00000000 00:00 0 
7f7b22d80000-7f7b22d81000 r--s 00000000 08:07 7873347                    /var/cache/fontconfig/96ec67694f07e4d444a0877f3a1db852-le64.cache-3
7f7b22d81000-7f7b22d85000 r--s 00028000 08:05 14665                      /media/DATA/_guillermo/desarrollo/PFC/_jar/batik-1.7/lib/batik-gvt.jar
7f7b22d85000-7f7b22d8c000 r--s 00035000 08:05 14667                      /media/DATA/_guillermo/desarrollo/PFC/_jar/batik-1.7/lib/batik-css.jar
7f7b22d8c000-7f7b22d90000 r--s 0001d000 08:05 14658                      /media/DATA/_guillermo/desarrollo/PFC/_jar/batik-1.7/lib/batik-dom.jar
7f7b22d90000-7f7b22d92000 r--s 00001000 08:05 14689                      /media/DATA/_guillermo/desarrollo/PFC/_jar/batik-1.7/lib/batik-ext.jar
7f7b22d92000-7f7b22d94000 r--s 00014000 08:07 8004455                    /usr/share/java/servlet-api-2.5.jar
7f7b22d94000-7f7b22d96000 r--s 00024000 08:05 9139                       /media/DATA/_guillermo/desarrollo/java/_jar/libsbmlj.jar
7f7b22d96000-7f7b22d9e000 r--s 00066000 08:07 8005016                    /usr/share/java/gnome-java-bridge.jar
7f7b22d9e000-7f7b22da0000 r--s 0000f000 08:07 8913646                    /usr/lib/jvm/java-6-openjdk/jre/lib/ext/pulse-java.jar
7f7b22da0000-7f7b22da8000 rw-s 00000000 08:07 4456672                    /tmp/hsperfdata_guille/7431
7f7b22da8000-7f7b22da9000 rw-p 00000000 00:00 0 
7f7b22da9000-7f7b22daa000 r--p 00000000 00:00 0 
7f7b22daa000-7f7b22dac000 rw-p 00000000 00:00 0 
7f7b22dac000-7f7b22dad000 r--p 00020000 08:07 2625170                    /lib/x86_64-linux-gnu/ld-2.13.so
7f7b22dad000-7f7b22daf000 rw-p 00021000 08:07 2625170                    /lib/x86_64-linux-gnu/ld-2.13.so
7fff4007e000-7fff400a0000 rw-p 00000000 00:00 0                          [stack]
7fff401ff000-7fff40200000 r-xp 00000000 00:00 0                          [vdso]
ffffffffff600000-ffffffffff601000 r-xp 00000000 00:00 0                  [vsyscall]

VM Arguments:
jvm_args: -agentlib:jdwp=transport=dt_socket,suspend=y,address=localhost:59433 -Xmx768M -Djava.library.path=/usr/local/lib -Dfile.encoding=UTF-8 
java_command: svgview.SVGViewFrame
Launcher Type: SUN_STANDARD

Environment Variables:
PATH=/usr/local/sbin:/usr/local/bin:/usr/sbin:/usr/bin:/sbin:/bin:/usr/games
LD_LIBRARY_PATH=/usr/lib/jvm/java-6-openjdk/jre/lib/amd64/server:/usr/lib/jvm/java-6-openjdk/jre/lib/amd64:/usr/lib/jvm/java-6-openjdk/jre/../lib/amd64:/usr/local/lib
SHELL=/bin/bash
DISPLAY=:0

Signal Handlers:
SIGSEGV: [libjvm.so+0x783e60], sa_mask[0]=0x7ffbfeff, sa_flags=0x10000004
SIGBUS: [libjvm.so+0x783e60], sa_mask[0]=0x7ffbfeff, sa_flags=0x10000004
SIGFPE: [libjvm.so+0x6485c0], sa_mask[0]=0x7ffbfeff, sa_flags=0x10000004
SIGPIPE: SIG_IGN, sa_mask[0]=0x00001000, sa_flags=0x10000000
SIGXFSZ: [libjvm.so+0x6485c0], sa_mask[0]=0x7ffbfeff, sa_flags=0x10000004
SIGILL: [libjvm.so+0x6485c0], sa_mask[0]=0x7ffbfeff, sa_flags=0x10000004
SIGUSR1: SIG_DFL, sa_mask[0]=0x00000000, sa_flags=0x00000000
SIGUSR2: [libjvm.so+0x648770], sa_mask[0]=0x00000004, sa_flags=0x10000004
SIGHUP: [libjvm.so+0x64b280], sa_mask[0]=0x7ffbfeff, sa_flags=0x10000004
SIGINT: [libjvm.so+0x64b280], sa_mask[0]=0x7ffbfeff, sa_flags=0x10000004
SIGTERM: [libjvm.so+0x64b280], sa_mask[0]=0x7ffbfeff, sa_flags=0x10000004
SIGQUIT: [libjvm.so+0x64b280], sa_mask[0]=0x7ffbfeff, sa_flags=0x10000004


---------------  S Y S T E M  ---------------

OS:Ubuntu 11.10 (oneiric)
uname:Linux 3.0.0-15-generic #26-Ubuntu SMP Fri Jan 20 17:23:00 UTC 2012 x86_64
libc:glibc 2.13 NPTL 2.13 
rlimit: STACK 8192k, CORE 0k, NPROC 30795, NOFILE 4096, AS infinity
load average:1.03 0.45 0.25

/proc/meminfo:
MemTotal:        3965640 kB
MemFree:          383356 kB
Buffers:           43188 kB
Cached:          1174380 kB
SwapCached:            0 kB
Active:          1998484 kB
Inactive:        1273956 kB
Active(anon):    1741660 kB
Inactive(anon):   588084 kB
Active(file):     256824 kB
Inactive(file):   685872 kB
Unevictable:          16 kB
Mlocked:              16 kB
SwapTotal:       7810044 kB
SwapFree:        7810044 kB
Dirty:            120228 kB
Writeback:         76288 kB
AnonPages:       2054952 kB
Mapped:           198124 kB
Shmem:            274812 kB
Slab:             143344 kB
SReclaimable:      73608 kB
SUnreclaim:        69736 kB
KernelStack:        4640 kB
PageTables:        50840 kB
NFS_Unstable:          0 kB
Bounce:                0 kB
WritebackTmp:          0 kB
CommitLimit:     9792864 kB
Committed_AS:    5167036 kB
VmallocTotal:   34359738367 kB
VmallocUsed:      375100 kB
VmallocChunk:   34359343064 kB
HardwareCorrupted:     0 kB
AnonHugePages:         0 kB
HugePages_Total:       0
HugePages_Free:        0
HugePages_Rsvd:        0
HugePages_Surp:        0
Hugepagesize:       2048 kB
DirectMap4k:      102388 kB
DirectMap2M:     4007936 kB


CPU:total 4 (2 cores per cpu, 2 threads per core) family 6 model 42 stepping 7, cmov, cx8, fxsr, mmx, sse, sse2, sse3, ssse3, sse4.1, sse4.2, popcnt, ht

Memory: 4k page, physical 3965640k(383356k free), swap 7810044k(7810044k free)

vm_info: OpenJDK 64-Bit Server VM (20.0-b11) for linux-amd64 JRE (1.6.0_23-b23), built on Jan 20 2012 00:38:33 by "buildd" with gcc 4.6.1

time: Sat Feb 11 13:47:41 2012
elapsed time: 5 seconds

